{"/home/travis/build/npmtest/node-npmtest-node-config-manager/test.js":{"path":"/home/travis/build/npmtest/node-npmtest-node-config-manager/test.js","s":{"1":2,"2":2,"3":2,"4":2,"5":2,"6":2,"7":2,"8":1,"9":2,"10":2,"11":1,"12":1,"13":1,"14":1,"15":2,"16":2,"17":2,"18":2,"19":1,"20":1,"21":2,"22":2,"23":2,"24":1,"25":1,"26":1,"27":1,"28":1,"29":1,"30":1,"31":1,"32":1,"33":1,"34":1,"35":1,"36":1,"37":1,"38":1,"39":2,"40":2,"41":1,"42":2,"43":2,"44":1,"45":2,"46":2,"47":1,"48":2,"49":2,"50":1,"51":1,"52":1,"53":1,"54":1},"b":{"1":[2,1,1,1],"2":[1,1,1,1],"3":[1,1],"4":[1,1],"5":[1,1],"6":[1,1],"7":[1,1],"8":[1,1],"9":[1,1],"10":[1,1,1],"11":[1,1],"12":[1,1],"13":[1,1],"14":[1,1],"15":[1,1],"16":[1,1],"17":[1,1]},"f":{"1":2,"2":2,"3":2,"4":2,"5":2,"6":1,"7":1,"8":1,"9":2,"10":2,"11":2,"12":2,"13":1},"fnMap":{"1":{"name":"(anonymous_1)","line":12,"loc":{"start":{"line":12,"column":1},"end":{"line":12,"column":13}}},"2":{"name":"(anonymous_2)","line":19,"loc":{"start":{"line":19,"column":5},"end":{"line":19,"column":17}}},"3":{"name":"(anonymous_3)","line":23,"loc":{"start":{"line":23,"column":24},"end":{"line":23,"column":36}}},"4":{"name":"(anonymous_4)","line":61,"loc":{"start":{"line":61,"column":5},"end":{"line":61,"column":17}}},"5":{"name":"(anonymous_5)","line":82,"loc":{"start":{"line":82,"column":5},"end":{"line":82,"column":17}}},"6":{"name":"(anonymous_6)","line":91,"loc":{"start":{"line":91,"column":77},"end":{"line":94,"column":10}}},"7":{"name":"(anonymous_7)","line":112,"loc":{"start":{"line":112,"column":83},"end":{"line":115,"column":10}},"skip":true},"8":{"name":"(anonymous_8)","line":123,"loc":{"start":{"line":123,"column":77},"end":{"line":126,"column":10}},"skip":true},"9":{"name":"(anonymous_9)","line":139,"loc":{"start":{"line":139,"column":12},"end":{"line":139,"column":40}},"skip":true},"10":{"name":"(anonymous_10)","line":147,"loc":{"start":{"line":147,"column":77},"end":{"line":150,"column":10}},"skip":true},"11":{"name":"(anonymous_11)","line":158,"loc":{"start":{"line":158,"column":83},"end":{"line":161,"column":10}},"skip":true},"12":{"name":"(anonymous_12)","line":169,"loc":{"start":{"line":169,"column":79},"end":{"line":172,"column":10}},"skip":true},"13":{"name":"(anonymous_13)","line":180,"loc":{"start":{"line":180,"column":75},"end":{"line":183,"column":10}},"skip":true}},"statementMap":{"1":{"start":{"line":12,"column":0},"end":{"line":195,"column":5}},"2":{"start":{"line":14,"column":4},"end":{"line":14,"column":14}},"3":{"start":{"line":19,"column":4},"end":{"line":56,"column":9}},"4":{"start":{"line":21,"column":8},"end":{"line":21,"column":19}},"5":{"start":{"line":23,"column":8},"end":{"line":35,"column":13}},"6":{"start":{"line":24,"column":12},"end":{"line":34,"column":13}},"7":{"start":{"line":25,"column":16},"end":{"line":28,"column":30}},"8":{"start":{"line":30,"column":16},"end":{"line":33,"column":27}},"9":{"start":{"line":37,"column":8},"end":{"line":39,"column":21}},"10":{"start":{"line":40,"column":8},"end":{"line":53,"column":9}},"11":{"start":{"line":43,"column":12},"end":{"line":46,"column":14}},"12":{"start":{"line":47,"column":12},"end":{"line":47,"column":18}},"13":{"start":{"line":50,"column":12},"end":{"line":51,"column":46}},"14":{"start":{"line":52,"column":12},"end":{"line":52,"column":18}},"15":{"start":{"line":55,"column":8},"end":{"line":55,"column":35}},"16":{"start":{"line":61,"column":4},"end":{"line":63,"column":9}},"17":{"start":{"line":62,"column":8},"end":{"line":62,"column":15}},"18":{"start":{"line":64,"column":4},"end":{"line":77,"column":5}},"19":{"start":{"line":70,"column":8},"end":{"line":70,"column":14}},"20":{"start":{"line":76,"column":8},"end":{"line":76,"column":14}},"21":{"start":{"line":82,"column":4},"end":{"line":84,"column":9}},"22":{"start":{"line":83,"column":8},"end":{"line":83,"column":15}},"23":{"start":{"line":85,"column":4},"end":{"line":194,"column":5}},"24":{"start":{"line":91,"column":8},"end":{"line":99,"column":10}},"25":{"start":{"line":98,"column":12},"end":{"line":98,"column":35}},"26":{"start":{"line":102,"column":8},"end":{"line":104,"column":63}},"27":{"start":{"line":105,"column":8},"end":{"line":105,"column":14}},"28":{"start":{"line":112,"column":8},"end":{"line":121,"column":10},"skip":true},"29":{"start":{"line":119,"column":12},"end":{"line":119,"column":55},"skip":true},"30":{"start":{"line":120,"column":12},"end":{"line":120,"column":48},"skip":true},"31":{"start":{"line":123,"column":8},"end":{"line":136,"column":10},"skip":true},"32":{"start":{"line":130,"column":12},"end":{"line":130,"column":76},"skip":true},"33":{"start":{"line":131,"column":12},"end":{"line":131,"column":73},"skip":true},"34":{"start":{"line":132,"column":12},"end":{"line":132,"column":74},"skip":true},"35":{"start":{"line":133,"column":12},"end":{"line":133,"column":79},"skip":true},"36":{"start":{"line":134,"column":12},"end":{"line":134,"column":25},"skip":true},"37":{"start":{"line":135,"column":12},"end":{"line":135,"column":45},"skip":true},"38":{"start":{"line":138,"column":8},"end":{"line":145,"column":14},"skip":true},"39":{"start":{"line":143,"column":16},"end":{"line":143,"column":29},"skip":true},"40":{"start":{"line":144,"column":16},"end":{"line":144,"column":55},"skip":true},"41":{"start":{"line":147,"column":8},"end":{"line":156,"column":10},"skip":true},"42":{"start":{"line":154,"column":12},"end":{"line":154,"column":25},"skip":true},"43":{"start":{"line":155,"column":12},"end":{"line":155,"column":45},"skip":true},"44":{"start":{"line":158,"column":8},"end":{"line":167,"column":10},"skip":true},"45":{"start":{"line":165,"column":12},"end":{"line":165,"column":25},"skip":true},"46":{"start":{"line":166,"column":12},"end":{"line":166,"column":48},"skip":true},"47":{"start":{"line":169,"column":8},"end":{"line":178,"column":10},"skip":true},"48":{"start":{"line":176,"column":12},"end":{"line":176,"column":25},"skip":true},"49":{"start":{"line":177,"column":12},"end":{"line":177,"column":46},"skip":true},"50":{"start":{"line":180,"column":8},"end":{"line":189,"column":10},"skip":true},"51":{"start":{"line":187,"column":12},"end":{"line":187,"column":94},"skip":true},"52":{"start":{"line":188,"column":12},"end":{"line":188,"column":48},"skip":true},"53":{"start":{"line":192,"column":8},"end":{"line":192,"column":35},"skip":true},"54":{"start":{"line":193,"column":8},"end":{"line":193,"column":14},"skip":true}},"branchMap":{"1":{"line":25,"type":"binary-expr","locations":[{"start":{"line":25,"column":23},"end":{"line":25,"column":62}},{"start":{"line":26,"column":20},"end":{"line":26,"column":70}},{"start":{"line":27,"column":20},"end":{"line":27,"column":71}},{"start":{"line":28,"column":20},"end":{"line":28,"column":29}}]},"2":{"line":30,"type":"binary-expr","locations":[{"start":{"line":30,"column":23},"end":{"line":30,"column":37}},{"start":{"line":31,"column":20},"end":{"line":31,"column":61}},{"start":{"line":32,"column":20},"end":{"line":32,"column":70}},{"start":{"line":33,"column":20},"end":{"line":33,"column":26}}]},"3":{"line":37,"type":"cond-expr","locations":[{"start":{"line":38,"column":14},"end":{"line":38,"column":20}},{"start":{"line":39,"column":14},"end":{"line":39,"column":20}}]},"4":{"line":40,"type":"switch","locations":[{"start":{"line":42,"column":8},"end":{"line":47,"column":18}},{"start":{"line":49,"column":8},"end":{"line":52,"column":18}}]},"5":{"line":44,"type":"binary-expr","locations":[{"start":{"line":44,"column":16},"end":{"line":44,"column":44}},{"start":{"line":44,"column":48},"end":{"line":44,"column":66}}]},"6":{"line":50,"type":"binary-expr","locations":[{"start":{"line":50,"column":21},"end":{"line":50,"column":49}},{"start":{"line":50,"column":53},"end":{"line":50,"column":72}}]},"7":{"line":64,"type":"switch","locations":[{"start":{"line":69,"column":4},"end":{"line":70,"column":14}},{"start":{"line":75,"column":4},"end":{"line":76,"column":14}}]},"8":{"line":85,"type":"switch","locations":[{"start":{"line":90,"column":4},"end":{"line":105,"column":14}},{"start":{"line":111,"column":4},"end":{"line":193,"column":14},"skip":true}]},"9":{"line":91,"type":"binary-expr","locations":[{"start":{"line":91,"column":42},"end":{"line":91,"column":73}},{"start":{"line":91,"column":77},"end":{"line":99,"column":9}}]},"10":{"line":102,"type":"binary-expr","locations":[{"start":{"line":102,"column":18},"end":{"line":102,"column":32}},{"start":{"line":103,"column":12},"end":{"line":103,"column":53}},{"start":{"line":104,"column":12},"end":{"line":104,"column":61}}]},"11":{"line":112,"type":"binary-expr","locations":[{"start":{"line":112,"column":45},"end":{"line":112,"column":79},"skip":true},{"start":{"line":112,"column":83},"end":{"line":121,"column":9},"skip":true}]},"12":{"line":123,"type":"binary-expr","locations":[{"start":{"line":123,"column":42},"end":{"line":123,"column":73},"skip":true},{"start":{"line":123,"column":77},"end":{"line":136,"column":9},"skip":true}]},"13":{"line":138,"type":"binary-expr","locations":[{"start":{"line":138,"column":48},"end":{"line":138,"column":85},"skip":true},{"start":{"line":139,"column":12},"end":{"line":145,"column":13},"skip":true}]},"14":{"line":147,"type":"binary-expr","locations":[{"start":{"line":147,"column":42},"end":{"line":147,"column":73},"skip":true},{"start":{"line":147,"column":77},"end":{"line":156,"column":9},"skip":true}]},"15":{"line":158,"type":"binary-expr","locations":[{"start":{"line":158,"column":45},"end":{"line":158,"column":79},"skip":true},{"start":{"line":158,"column":83},"end":{"line":167,"column":9},"skip":true}]},"16":{"line":169,"type":"binary-expr","locations":[{"start":{"line":169,"column":43},"end":{"line":169,"column":75},"skip":true},{"start":{"line":169,"column":79},"end":{"line":178,"column":9},"skip":true}]},"17":{"line":180,"type":"binary-expr","locations":[{"start":{"line":180,"column":41},"end":{"line":180,"column":71},"skip":true},{"start":{"line":180,"column":75},"end":{"line":189,"column":9},"skip":true}]}},"code":["/* istanbul instrument in package npmtest_node_config_manager */","/*jslint","    bitwise: true,","    browser: true,","    maxerr: 8,","    maxlen: 96,","    node: true,","    nomen: true,","    regexp: true,","    stupid: true","*/","(function () {","    'use strict';","    var local;","","","","    // run shared js-env code - pre-init","    (function () {","        // init local","        local = {};","        // init modeJs","        local.modeJs = (function () {","            try {","                return typeof navigator.userAgent === 'string' &&","                    typeof document.querySelector('body') === 'object' &&","                    typeof XMLHttpRequest.prototype.open === 'function' &&","                    'browser';","            } catch (errorCaughtBrowser) {","                return module.exports &&","                    typeof process.versions.node === 'string' &&","                    typeof require('http').createServer === 'function' &&","                    'node';","            }","        }());","        // init global","        local.global = local.modeJs === 'browser'","            ? window","            : global;","        switch (local.modeJs) {","        // re-init local from window.local","        case 'browser':","            local = local.global.utility2.objectSetDefault(","                local.global.utility2_rollup || local.global.local,","                local.global.utility2","            );","            break;","        // re-init local from example.js","        case 'node':","            local = (local.global.utility2_rollup || require('utility2'))","                .requireExampleJsFromReadme();","            break;","        }","        // export local","        local.global.local = local;","    }());","","","","    // run shared js-env code - function","    (function () {","        return;","    }());","    switch (local.modeJs) {","","","","    // run browser js-env code - function","    case 'browser':","        break;","","","","    // run node js-env code - function","    case 'node':","        break;","    }","","","","    // run shared js-env code - post-init","    (function () {","        return;","    }());","    switch (local.modeJs) {","","","","    // run browser js-env code - post-init","    case 'browser':","        local.testCase_browser_nullCase = local.testCase_browser_nullCase || function (","            options,","            onError","        ) {","        /*","         * this function will test browsers's null-case handling-behavior-behavior","         */","            onError(null, options);","        };","","        // run tests","        local.nop(local.modeTest &&","            document.querySelector('#testRunButton1') &&","            document.querySelector('#testRunButton1').click());","        break;","","","","    // run node js-env code - post-init","    /* istanbul ignore next */","    case 'node':","        local.testCase_buildApidoc_default = local.testCase_buildApidoc_default || function (","            options,","            onError","        ) {","        /*","         * this function will test buildApidoc's default handling-behavior-behavior","         */","            options = { modulePathList: module.paths };","            local.buildApidoc(options, onError);","        };","","        local.testCase_buildApp_default = local.testCase_buildApp_default || function (","            options,","            onError","        ) {","        /*","         * this function will test buildApp's default handling-behavior-behavior","         */","            local.testCase_buildReadme_default(options, local.onErrorThrow);","            local.testCase_buildLib_default(options, local.onErrorThrow);","            local.testCase_buildTest_default(options, local.onErrorThrow);","            local.testCase_buildCustomOrg_default(options, local.onErrorThrow);","            options = [];","            local.buildApp(options, onError);","        };","","        local.testCase_buildCustomOrg_default = local.testCase_buildCustomOrg_default ||","            function (options, onError) {","            /*","             * this function will test buildCustomOrg's default handling-behavior","             */","                options = {};","                local.buildCustomOrg(options, onError);","            };","","        local.testCase_buildLib_default = local.testCase_buildLib_default || function (","            options,","            onError","        ) {","        /*","         * this function will test buildLib's default handling-behavior","         */","            options = {};","            local.buildLib(options, onError);","        };","","        local.testCase_buildReadme_default = local.testCase_buildReadme_default || function (","            options,","            onError","        ) {","        /*","         * this function will test buildReadme's default handling-behavior-behavior","         */","            options = {};","            local.buildReadme(options, onError);","        };","","        local.testCase_buildTest_default = local.testCase_buildTest_default || function (","            options,","            onError","        ) {","        /*","         * this function will test buildTest's default handling-behavior","         */","            options = {};","            local.buildTest(options, onError);","        };","","        local.testCase_webpage_default = local.testCase_webpage_default || function (","            options,","            onError","        ) {","        /*","         * this function will test webpage's default handling-behavior","         */","            options = { modeCoverageMerge: true, url: local.serverLocalHost + '?modeTest=1' };","            local.browserTest(options, onError);","        };","","        // run test-server","        local.testRunServer(local);","        break;","    }","}());",""],"l":{"12":2,"14":2,"19":2,"21":2,"23":2,"24":2,"25":2,"30":1,"37":2,"40":2,"43":1,"47":1,"50":1,"52":1,"55":2,"61":2,"62":2,"64":2,"70":1,"76":1,"82":2,"83":2,"85":2,"91":1,"98":1,"102":1,"105":1,"112":1,"119":1,"120":1,"123":1,"130":1,"131":1,"132":1,"133":1,"134":1,"135":1,"138":1,"143":2,"144":2,"147":1,"154":2,"155":2,"158":1,"165":2,"166":2,"169":1,"176":2,"177":2,"180":1,"187":1,"188":1,"192":1,"193":1}},"/home/travis/build/npmtest/node-npmtest-node-config-manager/lib.npmtest_node_config_manager.js":{"path":"/home/travis/build/npmtest/node-npmtest-node-config-manager/lib.npmtest_node_config_manager.js","s":{"1":2,"2":2,"3":2,"4":2,"5":2,"6":2,"7":2,"8":1,"9":2,"10":2,"11":2,"12":2,"13":1,"14":1,"15":1,"16":1},"b":{"1":[2,1,1,1],"2":[1,1,1,1],"3":[1,1],"4":[2,2],"5":[1,1]},"f":{"1":2,"2":2,"3":2},"fnMap":{"1":{"name":"(anonymous_1)","line":12,"loc":{"start":{"line":12,"column":1},"end":{"line":12,"column":13}}},"2":{"name":"(anonymous_2)","line":19,"loc":{"start":{"line":19,"column":5},"end":{"line":19,"column":17}}},"3":{"name":"(anonymous_3)","line":23,"loc":{"start":{"line":23,"column":24},"end":{"line":23,"column":36}}}},"statementMap":{"1":{"start":{"line":12,"column":0},"end":{"line":53,"column":5}},"2":{"start":{"line":14,"column":4},"end":{"line":14,"column":14}},"3":{"start":{"line":19,"column":4},"end":{"line":52,"column":9}},"4":{"start":{"line":21,"column":8},"end":{"line":21,"column":19}},"5":{"start":{"line":23,"column":8},"end":{"line":35,"column":13}},"6":{"start":{"line":24,"column":12},"end":{"line":34,"column":13}},"7":{"start":{"line":25,"column":16},"end":{"line":28,"column":30}},"8":{"start":{"line":30,"column":16},"end":{"line":33,"column":27}},"9":{"start":{"line":37,"column":8},"end":{"line":39,"column":21}},"10":{"start":{"line":41,"column":8},"end":{"line":41,"column":54}},"11":{"start":{"line":43,"column":8},"end":{"line":43,"column":64}},"12":{"start":{"line":45,"column":8},"end":{"line":51,"column":9}},"13":{"start":{"line":46,"column":12},"end":{"line":46,"column":70}},"14":{"start":{"line":48,"column":12},"end":{"line":48,"column":35}},"15":{"start":{"line":49,"column":12},"end":{"line":49,"column":49}},"16":{"start":{"line":50,"column":12},"end":{"line":50,"column":43}}},"branchMap":{"1":{"line":25,"type":"binary-expr","locations":[{"start":{"line":25,"column":23},"end":{"line":25,"column":62}},{"start":{"line":26,"column":20},"end":{"line":26,"column":70}},{"start":{"line":27,"column":20},"end":{"line":27,"column":71}},{"start":{"line":28,"column":20},"end":{"line":28,"column":29}}]},"2":{"line":30,"type":"binary-expr","locations":[{"start":{"line":30,"column":23},"end":{"line":30,"column":37}},{"start":{"line":31,"column":20},"end":{"line":31,"column":61}},{"start":{"line":32,"column":20},"end":{"line":32,"column":70}},{"start":{"line":33,"column":20},"end":{"line":33,"column":26}}]},"3":{"line":37,"type":"cond-expr","locations":[{"start":{"line":38,"column":14},"end":{"line":38,"column":20}},{"start":{"line":39,"column":14},"end":{"line":39,"column":20}}]},"4":{"line":41,"type":"binary-expr","locations":[{"start":{"line":41,"column":16},"end":{"line":41,"column":44}},{"start":{"line":41,"column":48},"end":{"line":41,"column":53}}]},"5":{"line":45,"type":"if","locations":[{"start":{"line":45,"column":8},"end":{"line":45,"column":8}},{"start":{"line":45,"column":8},"end":{"line":45,"column":8}}]}},"code":["/* istanbul instrument in package npmtest_node_config_manager */","/*jslint","    bitwise: true,","    browser: true,","    maxerr: 8,","    maxlen: 96,","    node: true,","    nomen: true,","    regexp: true,","    stupid: true","*/","(function () {","    'use strict';","    var local;","","","","    // run shared js-env code - pre-init","    (function () {","        // init local","        local = {};","        // init modeJs","        local.modeJs = (function () {","            try {","                return typeof navigator.userAgent === 'string' &&","                    typeof document.querySelector('body') === 'object' &&","                    typeof XMLHttpRequest.prototype.open === 'function' &&","                    'browser';","            } catch (errorCaughtBrowser) {","                return module.exports &&","                    typeof process.versions.node === 'string' &&","                    typeof require('http').createServer === 'function' &&","                    'node';","            }","        }());","        // init global","        local.global = local.modeJs === 'browser'","            ? window","            : global;","        // init utility2_rollup","        local = local.global.utility2_rollup || local;","        // init lib","        local.local = local.npmtest_node_config_manager = local;","        // init exports","        if (local.modeJs === 'browser') {","            local.global.utility2_npmtest_node_config_manager = local;","        } else {","            module.exports = local;","            module.exports.__dirname = __dirname;","            module.exports.module = module;","        }","    }());","}());",""],"l":{"12":2,"14":2,"19":2,"21":2,"23":2,"24":2,"25":2,"30":1,"37":2,"41":2,"43":2,"45":2,"46":1,"48":1,"49":1,"50":1}},"/home/travis/build/npmtest/node-npmtest-node-config-manager/example.js":{"path":"/home/travis/build/npmtest/node-npmtest-node-config-manager/example.js","s":{"1":2,"2":2,"3":2,"4":2,"5":2,"6":2,"7":2,"8":1,"9":2,"10":2,"11":2,"12":2,"13":1,"14":2,"15":2,"16":2,"17":2,"18":2,"19":0,"20":2,"21":1,"22":1,"23":1,"24":1,"25":1,"26":0,"27":0,"28":1,"29":1,"30":2,"31":0,"32":0,"33":0,"34":1,"35":2,"36":2,"37":3,"38":3,"39":3,"40":3,"41":0,"42":3,"43":3,"44":3,"45":1,"46":3,"47":1,"48":1,"49":1,"50":1,"51":1,"52":1,"53":1,"54":1,"55":1,"56":1,"57":0,"58":1,"59":6,"60":6,"61":1,"62":2,"63":0,"64":2,"65":1,"66":1,"67":0,"68":0,"69":0,"70":0,"71":0,"72":0,"73":0,"74":0,"75":0,"76":0,"77":0,"78":0,"79":0,"80":0,"81":0,"82":0,"83":0},"b":{"1":[2,1,1,1],"2":[1,1,1,1],"3":[1,1],"4":[2,2],"5":[1,1],"6":[1,1],"7":[2,0],"8":[2,1,1,1,1,1],"9":[0,2,0],"10":[1,1],"11":[2,1,1],"12":[1,0],"13":[0,2],"14":[2,0,0,0,0,0,0],"15":[0,3],"16":[3,0],"17":[1,1],"18":[0,1],"19":[1,2,0,2],"20":[1,0],"21":[1,1],"22":[0,0],"23":[0,0],"24":[0,0],"25":[0,0],"26":[0,0],"27":[0,0],"28":[0,0]},"f":{"1":2,"2":2,"3":2,"4":2,"5":2,"6":2,"7":3,"8":3,"9":3,"10":1,"11":6,"12":0},"fnMap":{"1":{"name":"(anonymous_1)","line":26,"loc":{"start":{"line":26,"column":1},"end":{"line":26,"column":13}}},"2":{"name":"(anonymous_2)","line":33,"loc":{"start":{"line":33,"column":5},"end":{"line":33,"column":17}}},"3":{"name":"(anonymous_3)","line":37,"loc":{"start":{"line":37,"column":24},"end":{"line":37,"column":36}}},"4":{"name":"(anonymous_4)","line":69,"loc":{"start":{"line":69,"column":31},"end":{"line":69,"column":48}},"skip":true},"5":{"name":"(anonymous_5)","line":78,"loc":{"start":{"line":78,"column":26},"end":{"line":78,"column":45}},"skip":true},"6":{"name":"(anonymous_6)","line":123,"loc":{"start":{"line":123,"column":33},"end":{"line":123,"column":48}},"skip":true},"7":{"name":"(anonymous_7)","line":125,"loc":{"start":{"line":125,"column":27},"end":{"line":125,"column":39}},"skip":true},"8":{"name":"(anonymous_8)","line":133,"loc":{"start":{"line":133,"column":59},"end":{"line":133,"column":74}},"skip":true},"9":{"name":"(anonymous_9)","line":143,"loc":{"start":{"line":143,"column":45},"end":{"line":143,"column":62}},"skip":true},"10":{"name":"(anonymous_10)","line":144,"loc":{"start":{"line":144,"column":73},"end":{"line":144,"column":92}},"skip":true},"11":{"name":"(anonymous_11)","line":272,"loc":{"start":{"line":272,"column":51},"end":{"line":272,"column":77}},"skip":true},"12":{"name":"(anonymous_12)","line":315,"loc":{"start":{"line":315,"column":32},"end":{"line":315,"column":61}},"skip":true}},"statementMap":{"1":{"start":{"line":26,"column":0},"end":{"line":326,"column":5}},"2":{"start":{"line":28,"column":4},"end":{"line":28,"column":14}},"3":{"start":{"line":33,"column":4},"end":{"line":60,"column":9}},"4":{"start":{"line":35,"column":8},"end":{"line":35,"column":19}},"5":{"start":{"line":37,"column":8},"end":{"line":49,"column":13}},"6":{"start":{"line":38,"column":12},"end":{"line":48,"column":13}},"7":{"start":{"line":39,"column":16},"end":{"line":42,"column":30}},"8":{"start":{"line":44,"column":16},"end":{"line":47,"column":27}},"9":{"start":{"line":51,"column":8},"end":{"line":53,"column":21}},"10":{"start":{"line":55,"column":8},"end":{"line":57,"column":45}},"11":{"start":{"line":59,"column":8},"end":{"line":59,"column":35}},"12":{"start":{"line":61,"column":4},"end":{"line":325,"column":5}},"13":{"start":{"line":69,"column":8},"end":{"line":121,"column":10},"skip":true},"14":{"start":{"line":70,"column":12},"end":{"line":88,"column":13},"skip":true},"15":{"start":{"line":76,"column":16},"end":{"line":87,"column":19},"skip":true},"16":{"start":{"line":79,"column":20},"end":{"line":86,"column":21},"skip":true},"17":{"start":{"line":82,"column":24},"end":{"line":82,"column":43},"skip":true},"18":{"start":{"line":83,"column":24},"end":{"line":83,"column":30},"skip":true},"19":{"start":{"line":85,"column":24},"end":{"line":85,"column":49},"skip":true},"20":{"start":{"line":89,"column":12},"end":{"line":107,"column":13},"skip":true},"21":{"start":{"line":92,"column":16},"end":{"line":102,"column":17},"skip":true},"22":{"start":{"line":93,"column":20},"end":{"line":93,"column":86},"skip":true},"23":{"start":{"line":94,"column":20},"end":{"line":95,"column":45},"skip":true},"24":{"start":{"line":96,"column":20},"end":{"line":96,"column":42},"skip":true},"25":{"start":{"line":97,"column":20},"end":{"line":97,"column":48},"skip":true},"26":{"start":{"line":100,"column":20},"end":{"line":100,"column":85},"skip":true},"27":{"start":{"line":101,"column":20},"end":{"line":101,"column":96},"skip":true},"28":{"start":{"line":103,"column":16},"end":{"line":103,"column":22},"skip":true},"29":{"start":{"line":106,"column":16},"end":{"line":106,"column":22},"skip":true},"30":{"start":{"line":108,"column":12},"end":{"line":120,"column":13},"skip":true},"31":{"start":{"line":114,"column":16},"end":{"line":119,"column":17},"skip":true},"32":{"start":{"line":116,"column":20},"end":{"line":116,"column":78},"skip":true},"33":{"start":{"line":118,"column":20},"end":{"line":118,"column":47},"skip":true},"34":{"start":{"line":123,"column":8},"end":{"line":141,"column":11},"skip":true},"35":{"start":{"line":124,"column":12},"end":{"line":124,"column":54},"skip":true},"36":{"start":{"line":125,"column":12},"end":{"line":140,"column":14},"skip":true},"37":{"start":{"line":126,"column":16},"end":{"line":126,"column":28},"skip":true},"38":{"start":{"line":127,"column":16},"end":{"line":127,"column":69},"skip":true},"39":{"start":{"line":128,"column":16},"end":{"line":128,"column":75},"skip":true},"40":{"start":{"line":129,"column":16},"end":{"line":131,"column":17},"skip":true},"41":{"start":{"line":130,"column":20},"end":{"line":130,"column":27},"skip":true},"42":{"start":{"line":133,"column":16},"end":{"line":137,"column":36},"skip":true},"43":{"start":{"line":134,"column":20},"end":{"line":136,"column":55},"skip":true},"44":{"start":{"line":139,"column":16},"end":{"line":139,"column":57},"skip":true},"45":{"start":{"line":143,"column":8},"end":{"line":147,"column":11},"skip":true},"46":{"start":{"line":144,"column":12},"end":{"line":146,"column":15},"skip":true},"47":{"start":{"line":145,"column":16},"end":{"line":145,"column":70},"skip":true},"48":{"start":{"line":149,"column":8},"end":{"line":149,"column":31},"skip":true},"49":{"start":{"line":150,"column":8},"end":{"line":150,"column":14},"skip":true},"50":{"start":{"line":158,"column":8},"end":{"line":158,"column":31},"skip":true},"51":{"start":{"line":160,"column":8},"end":{"line":160,"column":33},"skip":true},"52":{"start":{"line":161,"column":8},"end":{"line":161,"column":37},"skip":true},"53":{"start":{"line":162,"column":8},"end":{"line":162,"column":35},"skip":true},"54":{"start":{"line":164,"column":8},"end":{"line":164,"column":50},"skip":true},"55":{"start":{"line":166,"column":8},"end":{"line":256,"column":2},"skip":true},"56":{"start":{"line":258,"column":8},"end":{"line":286,"column":9},"skip":true},"57":{"start":{"line":259,"column":12},"end":{"line":269,"column":14},"skip":true},"58":{"start":{"line":271,"column":12},"end":{"line":285,"column":19},"skip":true},"59":{"start":{"line":274,"column":20},"end":{"line":274,"column":35},"skip":true},"60":{"start":{"line":275,"column":20},"end":{"line":284,"column":21},"skip":true},"61":{"start":{"line":277,"column":24},"end":{"line":277,"column":64},"skip":true},"62":{"start":{"line":279,"column":24},"end":{"line":279,"column":40},"skip":true},"63":{"start":{"line":281,"column":24},"end":{"line":281,"column":40},"skip":true},"64":{"start":{"line":283,"column":24},"end":{"line":283,"column":39},"skip":true},"65":{"start":{"line":288,"column":8},"end":{"line":290,"column":9},"skip":true},"66":{"start":{"line":289,"column":12},"end":{"line":289,"column":18},"skip":true},"67":{"start":{"line":291,"column":8},"end":{"line":293,"column":54},"skip":true},"68":{"start":{"line":296,"column":8},"end":{"line":301,"column":37},"skip":true},"69":{"start":{"line":303,"column":8},"end":{"line":303,"column":82},"skip":true},"70":{"start":{"line":306,"column":8},"end":{"line":308,"column":9},"skip":true},"71":{"start":{"line":307,"column":12},"end":{"line":307,"column":82},"skip":true},"72":{"start":{"line":310,"column":8},"end":{"line":312,"column":9},"skip":true},"73":{"start":{"line":311,"column":12},"end":{"line":311,"column":18},"skip":true},"74":{"start":{"line":313,"column":8},"end":{"line":313,"column":54},"skip":true},"75":{"start":{"line":314,"column":8},"end":{"line":314,"column":69},"skip":true},"76":{"start":{"line":315,"column":8},"end":{"line":323,"column":36},"skip":true},"77":{"start":{"line":316,"column":12},"end":{"line":316,"column":61},"skip":true},"78":{"start":{"line":317,"column":12},"end":{"line":320,"column":13},"skip":true},"79":{"start":{"line":318,"column":16},"end":{"line":318,"column":75},"skip":true},"80":{"start":{"line":319,"column":16},"end":{"line":319,"column":23},"skip":true},"81":{"start":{"line":321,"column":12},"end":{"line":321,"column":38},"skip":true},"82":{"start":{"line":322,"column":12},"end":{"line":322,"column":27},"skip":true},"83":{"start":{"line":324,"column":8},"end":{"line":324,"column":14},"skip":true}},"branchMap":{"1":{"line":39,"type":"binary-expr","locations":[{"start":{"line":39,"column":23},"end":{"line":39,"column":62}},{"start":{"line":40,"column":20},"end":{"line":40,"column":70}},{"start":{"line":41,"column":20},"end":{"line":41,"column":71}},{"start":{"line":42,"column":20},"end":{"line":42,"column":29}}]},"2":{"line":44,"type":"binary-expr","locations":[{"start":{"line":44,"column":23},"end":{"line":44,"column":37}},{"start":{"line":45,"column":20},"end":{"line":45,"column":61}},{"start":{"line":46,"column":20},"end":{"line":46,"column":70}},{"start":{"line":47,"column":20},"end":{"line":47,"column":26}}]},"3":{"line":51,"type":"cond-expr","locations":[{"start":{"line":52,"column":14},"end":{"line":52,"column":20}},{"start":{"line":53,"column":14},"end":{"line":53,"column":20}}]},"4":{"line":55,"type":"binary-expr","locations":[{"start":{"line":55,"column":16},"end":{"line":55,"column":44}},{"start":{"line":55,"column":49},"end":{"line":57,"column":43}}]},"5":{"line":55,"type":"cond-expr","locations":[{"start":{"line":56,"column":14},"end":{"line":56,"column":63}},{"start":{"line":57,"column":14},"end":{"line":57,"column":43}}]},"6":{"line":61,"type":"switch","locations":[{"start":{"line":68,"column":4},"end":{"line":150,"column":14},"skip":true},{"start":{"line":156,"column":4},"end":{"line":324,"column":14},"skip":true}]},"7":{"line":70,"type":"if","locations":[{"start":{"line":70,"column":12},"end":{"line":70,"column":12},"skip":true},{"start":{"line":70,"column":12},"end":{"line":70,"column":12},"skip":true}]},"8":{"line":70,"type":"binary-expr","locations":[{"start":{"line":70,"column":16},"end":{"line":70,"column":22},"skip":true},{"start":{"line":70,"column":27},"end":{"line":70,"column":32},"skip":true},{"start":{"line":71,"column":20},"end":{"line":71,"column":39},"skip":true},{"start":{"line":72,"column":20},"end":{"line":72,"column":49},"skip":true},{"start":{"line":73,"column":20},"end":{"line":73,"column":58},"skip":true},{"start":{"line":74,"column":20},"end":{"line":74,"column":69},"skip":true}]},"9":{"line":79,"type":"switch","locations":[{"start":{"line":80,"column":20},"end":{"line":80,"column":33},"skip":true},{"start":{"line":81,"column":20},"end":{"line":83,"column":30},"skip":true},{"start":{"line":84,"column":20},"end":{"line":85,"column":49},"skip":true}]},"10":{"line":89,"type":"switch","locations":[{"start":{"line":90,"column":12},"end":{"line":103,"column":22},"skip":true},{"start":{"line":105,"column":12},"end":{"line":106,"column":22},"skip":true}]},"11":{"line":89,"type":"binary-expr","locations":[{"start":{"line":89,"column":20},"end":{"line":89,"column":25},"skip":true},{"start":{"line":89,"column":29},"end":{"line":89,"column":48},"skip":true},{"start":{"line":89,"column":52},"end":{"line":89,"column":74},"skip":true}]},"12":{"line":92,"type":"if","locations":[{"start":{"line":92,"column":16},"end":{"line":92,"column":16},"skip":true},{"start":{"line":92,"column":16},"end":{"line":92,"column":16},"skip":true}]},"13":{"line":108,"type":"if","locations":[{"start":{"line":108,"column":12},"end":{"line":108,"column":12},"skip":true},{"start":{"line":108,"column":12},"end":{"line":108,"column":12},"skip":true}]},"14":{"line":108,"type":"binary-expr","locations":[{"start":{"line":108,"column":16},"end":{"line":108,"column":61},"skip":true},{"start":{"line":108,"column":66},"end":{"line":108,"column":72},"skip":true},{"start":{"line":108,"column":77},"end":{"line":108,"column":82},"skip":true},{"start":{"line":109,"column":20},"end":{"line":109,"column":39},"skip":true},{"start":{"line":110,"column":20},"end":{"line":110,"column":49},"skip":true},{"start":{"line":111,"column":20},"end":{"line":111,"column":58},"skip":true},{"start":{"line":112,"column":20},"end":{"line":112,"column":68},"skip":true}]},"15":{"line":129,"type":"if","locations":[{"start":{"line":129,"column":16},"end":{"line":129,"column":16},"skip":true},{"start":{"line":129,"column":16},"end":{"line":129,"column":16},"skip":true}]},"16":{"line":134,"type":"cond-expr","locations":[{"start":{"line":135,"column":26},"end":{"line":135,"column":29},"skip":true},{"start":{"line":136,"column":26},"end":{"line":136,"column":54},"skip":true}]},"17":{"line":164,"type":"binary-expr","locations":[{"start":{"line":164,"column":27},"end":{"line":164,"column":43},"skip":true},{"start":{"line":164,"column":47},"end":{"line":164,"column":49},"skip":true}]},"18":{"line":258,"type":"if","locations":[{"start":{"line":258,"column":8},"end":{"line":258,"column":8},"skip":true},{"start":{"line":258,"column":8},"end":{"line":258,"column":8},"skip":true}]},"19":{"line":275,"type":"switch","locations":[{"start":{"line":276,"column":20},"end":{"line":277,"column":64},"skip":true},{"start":{"line":278,"column":20},"end":{"line":279,"column":40},"skip":true},{"start":{"line":280,"column":20},"end":{"line":281,"column":40},"skip":true},{"start":{"line":282,"column":20},"end":{"line":283,"column":39},"skip":true}]},"20":{"line":288,"type":"if","locations":[{"start":{"line":288,"column":8},"end":{"line":288,"column":8},"skip":true},{"start":{"line":288,"column":8},"end":{"line":288,"column":8},"skip":true}]},"21":{"line":288,"type":"binary-expr","locations":[{"start":{"line":288,"column":12},"end":{"line":288,"column":40},"skip":true},{"start":{"line":288,"column":44},"end":{"line":288,"column":67},"skip":true}]},"22":{"line":292,"type":"binary-expr","locations":[{"start":{"line":292,"column":12},"end":{"line":292,"column":50},"skip":true},{"start":{"line":293,"column":12},"end":{"line":293,"column":53},"skip":true}]},"23":{"line":297,"type":"binary-expr","locations":[{"start":{"line":297,"column":12},"end":{"line":297,"column":77},"skip":true},{"start":{"line":298,"column":12},"end":{"line":301,"column":36},"skip":true}]},"24":{"line":303,"type":"binary-expr","locations":[{"start":{"line":303,"column":43},"end":{"line":303,"column":75},"skip":true},{"start":{"line":303,"column":79},"end":{"line":303,"column":81},"skip":true}]},"25":{"line":306,"type":"if","locations":[{"start":{"line":306,"column":8},"end":{"line":306,"column":8},"skip":true},{"start":{"line":306,"column":8},"end":{"line":306,"column":8},"skip":true}]},"26":{"line":310,"type":"if","locations":[{"start":{"line":310,"column":8},"end":{"line":310,"column":8},"skip":true},{"start":{"line":310,"column":8},"end":{"line":310,"column":8},"skip":true}]},"27":{"line":313,"type":"binary-expr","locations":[{"start":{"line":313,"column":27},"end":{"line":313,"column":43},"skip":true},{"start":{"line":313,"column":47},"end":{"line":313,"column":53},"skip":true}]},"28":{"line":317,"type":"if","locations":[{"start":{"line":317,"column":12},"end":{"line":317,"column":12},"skip":true},{"start":{"line":317,"column":12},"end":{"line":317,"column":12},"skip":true}]}},"code":["/*","example.js","","quickstart example","","instruction","    1. save this script as example.js","    2. run the shell command:","        $ npm install npmtest-node-config-manager && PORT=8081 node example.js","    3. play with the browser-demo on http://127.0.0.1:8081","*/","","","","/* istanbul instrument in package npmtest_node_config_manager */","/*jslint","    bitwise: true,","    browser: true,","    maxerr: 8,","    maxlen: 96,","    node: true,","    nomen: true,","    regexp: true,","    stupid: true","*/","(function () {","    'use strict';","    var local;","","","","    // run shared js-env code - pre-init","    (function () {","        // init local","        local = {};","        // init modeJs","        local.modeJs = (function () {","            try {","                return typeof navigator.userAgent === 'string' &&","                    typeof document.querySelector('body') === 'object' &&","                    typeof XMLHttpRequest.prototype.open === 'function' &&","                    'browser';","            } catch (errorCaughtBrowser) {","                return module.exports &&","                    typeof process.versions.node === 'string' &&","                    typeof require('http').createServer === 'function' &&","                    'node';","            }","        }());","        // init global","        local.global = local.modeJs === 'browser'","            ? window","            : global;","        // init utility2_rollup","        local = local.global.utility2_rollup || (local.modeJs === 'browser'","            ? local.global.utility2_npmtest_node_config_manager","            : global.utility2_moduleExports);","        // export local","        local.global.local = local;","    }());","    switch (local.modeJs) {","","","","    // post-init","    // run browser js-env code - post-init","    /* istanbul ignore next */","    case 'browser':","        local.testRunBrowser = function (event) {","            if (!event || (event &&","                    event.currentTarget &&","                    event.currentTarget.className &&","                    event.currentTarget.className.includes &&","                    event.currentTarget.className.includes('onreset'))) {","                // reset output","                Array.from(","                    document.querySelectorAll('body > .resettable')","                ).forEach(function (element) {","                    switch (element.tagName) {","                    case 'INPUT':","                    case 'TEXTAREA':","                        element.value = '';","                        break;","                    default:","                        element.textContent = '';","                    }","                });","            }","            switch (event && event.currentTarget && event.currentTarget.id) {","            case 'testRunButton1':","                // show tests","                if (document.querySelector('#testReportDiv1').style.display === 'none') {","                    document.querySelector('#testReportDiv1').style.display = 'block';","                    document.querySelector('#testRunButton1').textContent =","                        'hide internal test';","                    local.modeTest = true;","                    local.testRunDefault(local);","                // hide tests","                } else {","                    document.querySelector('#testReportDiv1').style.display = 'none';","                    document.querySelector('#testRunButton1').textContent = 'run internal test';","                }","                break;","            // custom-case","            default:","                break;","            }","            if (document.querySelector('#inputTextareaEval1') && (!event || (event &&","                    event.currentTarget &&","                    event.currentTarget.className &&","                    event.currentTarget.className.includes &&","                    event.currentTarget.className.includes('oneval')))) {","                // try to eval input-code","                try {","                    /*jslint evil: true*/","                    eval(document.querySelector('#inputTextareaEval1').value);","                } catch (errorCaught) {","                    console.error(errorCaught);","                }","            }","        };","        // log stderr and stdout to #outputTextareaStdout1","        ['error', 'log'].forEach(function (key) {","            console[key + '_original'] = console[key];","            console[key] = function () {","                var element;","                console[key + '_original'].apply(console, arguments);","                element = document.querySelector('#outputTextareaStdout1');","                if (!element) {","                    return;","                }","                // append text to #outputTextareaStdout1","                element.value += Array.from(arguments).map(function (arg) {","                    return typeof arg === 'string'","                        ? arg","                        : JSON.stringify(arg, null, 4);","                }).join(' ') + '\\n';","                // scroll textarea to bottom","                element.scrollTop = element.scrollHeight;","            };","        });","        // init event-handling","        ['change', 'click', 'keyup'].forEach(function (event) {","            Array.from(document.querySelectorAll('.on' + event)).forEach(function (element) {","                element.addEventListener(event, local.testRunBrowser);","            });","        });","        // run tests","        local.testRunBrowser();","        break;","","","","    // run node js-env code - post-init","    /* istanbul ignore next */","    case 'node':","        // export local","        module.exports = local;","        // require modules","        local.fs = require('fs');","        local.http = require('http');","        local.url = require('url');","        // init assets","        local.assetsDict = local.assetsDict || {};","        /* jslint-ignore-begin */","        local.assetsDict['/assets.index.template.html'] = '\\","<!doctype html>\\n\\","<html lang=\"en\">\\n\\","<head>\\n\\","<meta charset=\"UTF-8\">\\n\\","<meta name=\"viewport\" content=\"width=device-width, initial-scale=1\">\\n\\","<title>{{env.npm_package_name}} (v{{env.npm_package_version}})</title>\\n\\","<style>\\n\\","/*csslint\\n\\","    box-sizing: false,\\n\\","    universal-selector: false\\n\\","*/\\n\\","* {\\n\\","    box-sizing: border-box;\\n\\","}\\n\\","body {\\n\\","    background: #dde;\\n\\","    font-family: Arial, Helvetica, sans-serif;\\n\\","    margin: 2rem;\\n\\","}\\n\\","body > * {\\n\\","    margin-bottom: 1rem;\\n\\","}\\n\\",".utility2FooterDiv {\\n\\","    margin-top: 20px;\\n\\","    text-align: center;\\n\\","}\\n\\","</style>\\n\\","<style>\\n\\","/*csslint\\n\\","*/\\n\\","textarea {\\n\\","    font-family: monospace;\\n\\","    height: 10rem;\\n\\","    width: 100%;\\n\\","}\\n\\","textarea[readonly] {\\n\\","    background: #ddd;\\n\\","}\\n\\","</style>\\n\\","</head>\\n\\","<body>\\n\\","<!-- utility2-comment\\n\\","<div id=\"ajaxProgressDiv1\" style=\"background: #d00; height: 2px; left: 0; margin: 0; padding: 0; position: fixed; top: 0; transition: background 0.5s, width 1.5s; width: 25%;\"></div>\\n\\","utility2-comment -->\\n\\","<h1>\\n\\","<!-- utility2-comment\\n\\","    <a\\n\\","        {{#if env.npm_package_homepage}}\\n\\","        href=\"{{env.npm_package_homepage}}\"\\n\\","        {{/if env.npm_package_homepage}}\\n\\","        target=\"_blank\"\\n\\","    >\\n\\","utility2-comment -->\\n\\","        {{env.npm_package_name}} (v{{env.npm_package_version}})\\n\\","<!-- utility2-comment\\n\\","    </a>\\n\\","utility2-comment -->\\n\\","</h1>\\n\\","<h3>{{env.npm_package_description}}</h3>\\n\\","<!-- utility2-comment\\n\\","<h4><a download href=\"assets.app.js\">download standalone app</a></h4>\\n\\","<button class=\"onclick onreset\" id=\"testRunButton1\">run internal test</button><br>\\n\\","<div id=\"testReportDiv1\" style=\"display: none;\"></div>\\n\\","utility2-comment -->\\n\\","\\n\\","\\n\\","\\n\\","<label>stderr and stdout</label>\\n\\","<textarea class=\"resettable\" id=\"outputTextareaStdout1\" readonly></textarea>\\n\\","<!-- utility2-comment\\n\\","{{#if isRollup}}\\n\\","<script src=\"assets.app.js\"></script>\\n\\","{{#unless isRollup}}\\n\\","utility2-comment -->\\n\\","<script src=\"assets.utility2.rollup.js\"></script>\\n\\","<script src=\"jsonp.utility2._stateInit?callback=window.utility2._stateInit\"></script>\\n\\","<script src=\"assets.npmtest_node_config_manager.rollup.js\"></script>\\n\\","<script src=\"assets.example.js\"></script>\\n\\","<script src=\"assets.test.js\"></script>\\n\\","<!-- utility2-comment\\n\\","{{/if isRollup}}\\n\\","utility2-comment -->\\n\\","<div class=\"utility2FooterDiv\">\\n\\","    [ this app was created with\\n\\","    <a href=\"https://github.com/kaizhu256/node-utility2\" target=\"_blank\">utility2</a>\\n\\","    ]\\n\\","</div>\\n\\","</body>\\n\\","</html>\\n\\","';","        /* jslint-ignore-end */","        if (local.templateRender) {","            local.assetsDict['/'] = local.templateRender(","                local.assetsDict['/assets.index.template.html'],","                {","                    env: local.objectSetDefault(local.env, {","                        npm_package_description: 'the greatest app in the world!',","                        npm_package_name: 'my-app',","                        npm_package_nameAlias: 'my_app',","                        npm_package_version: '0.0.1'","                    })","                }","            );","        } else {","            local.assetsDict['/'] = local.assetsDict['/assets.index.template.html']","                .replace((/\\{\\{env\\.(\\w+?)\\}\\}/g), function (match0, match1) {","                    // jslint-hack","                    String(match0);","                    switch (match1) {","                    case 'npm_package_description':","                        return 'the greatest app in the world!';","                    case 'npm_package_name':","                        return 'my-app';","                    case 'npm_package_nameAlias':","                        return 'my_app';","                    case 'npm_package_version':","                        return '0.0.1';","                    }","                });","        }","        // run the cli","        if (local.global.utility2_rollup || module !== require.main) {","            break;","        }","        local.assetsDict['/assets.example.js'] =","            local.assetsDict['/assets.example.js'] ||","            local.fs.readFileSync(__filename, 'utf8');","        // bug-workaround - long $npm_package_buildCustomOrg","        /* jslint-ignore-begin */","        local.assetsDict['/assets.npmtest_node_config_manager.rollup.js'] =","            local.assetsDict['/assets.npmtest_node_config_manager.rollup.js'] ||","            local.fs.readFileSync(","                local.npmtest_node_config_manager.__dirname + '/lib.npmtest_node_config_manager.js',","                'utf8'","            ).replace((/^#!/), '//');","        /* jslint-ignore-end */","        local.assetsDict['/favicon.ico'] = local.assetsDict['/favicon.ico'] || '';","        // if $npm_config_timeout_exit exists,","        // then exit this process after $npm_config_timeout_exit ms","        if (Number(process.env.npm_config_timeout_exit)) {","            setTimeout(process.exit, Number(process.env.npm_config_timeout_exit));","        }","        // start server","        if (local.global.utility2_serverHttp1) {","            break;","        }","        process.env.PORT = process.env.PORT || '8081';","        console.error('server starting on port ' + process.env.PORT);","        local.http.createServer(function (request, response) {","            request.urlParsed = local.url.parse(request.url);","            if (local.assetsDict[request.urlParsed.pathname] !== undefined) {","                response.end(local.assetsDict[request.urlParsed.pathname]);","                return;","            }","            response.statusCode = 404;","            response.end();","        }).listen(process.env.PORT);","        break;","    }","}());",""],"l":{"26":2,"28":2,"33":2,"35":2,"37":2,"38":2,"39":2,"44":1,"51":2,"55":2,"59":2,"61":2,"69":1,"70":2,"76":2,"79":2,"82":2,"83":2,"85":1,"89":2,"92":1,"93":1,"94":1,"96":1,"97":1,"100":1,"101":1,"103":1,"106":1,"108":2,"114":1,"116":1,"118":1,"123":1,"124":2,"125":2,"126":3,"127":3,"128":3,"129":3,"130":1,"133":3,"134":3,"139":3,"143":1,"144":3,"145":1,"149":1,"150":1,"158":1,"160":1,"161":1,"162":1,"164":1,"166":1,"258":1,"259":1,"271":1,"274":6,"275":6,"277":1,"279":2,"281":1,"283":2,"288":1,"289":1,"291":1,"296":1,"303":1,"306":1,"307":1,"310":1,"311":1,"313":1,"314":1,"315":1,"316":1,"317":1,"318":1,"319":1,"321":1,"322":1,"324":1}},"/home/travis/build/npmtest/node-npmtest-node-config-manager/node_modules/node-config-manager/index.js":{"path":"/home/travis/build/npmtest/node-npmtest-node-config-manager/node_modules/node-config-manager/index.js","s":{"1":1,"2":1},"b":{},"f":{},"fnMap":{},"statementMap":{"1":{"start":{"line":7,"column":0},"end":{"line":7,"column":51}},"2":{"start":{"line":9,"column":0},"end":{"line":9,"column":31}}},"branchMap":{},"code":["'use strict';","","/**"," * Module exports"," */","","var ConfigManager = require('./lib/ConfigManager');","","module.exports = ConfigManager;"],"l":{"7":1,"9":1}},"/home/travis/build/npmtest/node-npmtest-node-config-manager/node_modules/node-config-manager/lib/ConfigManager.js":{"path":"/home/travis/build/npmtest/node-npmtest-node-config-manager/node_modules/node-config-manager/lib/ConfigManager.js","s":{"1":1,"2":1,"3":1,"4":1,"5":1,"6":1,"7":1,"8":1,"9":1,"10":0,"11":1,"12":1,"13":0,"14":1,"15":1,"16":0,"17":0,"18":0,"19":0,"20":1,"21":1,"22":1,"23":1,"24":1,"25":1,"26":0,"27":0,"28":0,"29":0,"30":0,"31":0,"32":0,"33":0,"34":1,"35":0,"36":0,"37":0,"38":0,"39":0,"40":0,"41":0,"42":0,"43":0,"44":0,"45":0,"46":0,"47":0,"48":0,"49":0,"50":0,"51":0,"52":1,"53":0,"54":0,"55":0,"56":0,"57":0,"58":1,"59":0,"60":0,"61":0,"62":0,"63":0,"64":0,"65":0,"66":0,"67":0,"68":0,"69":0,"70":0,"71":0,"72":0,"73":0,"74":0,"75":0,"76":0,"77":0,"78":0,"79":0,"80":0,"81":0,"82":1,"83":0,"84":0,"85":0,"86":0,"87":0,"88":0,"89":0,"90":0,"91":1,"92":0,"93":1,"94":0,"95":1},"b":{"1":[1,0],"2":[1,0],"3":[0,1],"4":[1,1],"5":[0,0,1],"6":[1,0],"7":[1,0],"8":[0,0],"9":[0,0],"10":[0,0],"11":[0,0],"12":[0,0],"13":[0,0],"14":[0,0],"15":[0,0,0,0],"16":[0,0],"17":[0,0],"18":[0,0],"19":[0,0],"20":[0,0],"21":[0,0],"22":[0,0],"23":[0,0],"24":[0,0],"25":[0,0],"26":[0,0,0],"27":[0,0],"28":[0,0],"29":[0,0],"30":[0,0],"31":[0,0],"32":[0,0],"33":[0,0],"34":[0,0]},"f":{"1":1,"2":0,"3":0,"4":0,"5":0,"6":0,"7":0,"8":0,"9":0},"fnMap":{"1":{"name":"ConfigManager","line":33,"loc":{"start":{"line":33,"column":0},"end":{"line":33,"column":25}}},"2":{"name":"(anonymous_2)","line":105,"loc":{"start":{"line":105,"column":31},"end":{"line":105,"column":50}}},"3":{"name":"(anonymous_3)","line":136,"loc":{"start":{"line":136,"column":30},"end":{"line":136,"column":52}}},"4":{"name":"(anonymous_4)","line":183,"loc":{"start":{"line":183,"column":30},"end":{"line":183,"column":45}}},"5":{"name":"(anonymous_5)","line":235,"loc":{"start":{"line":235,"column":36},"end":{"line":235,"column":58}}},"6":{"name":"(anonymous_6)","line":284,"loc":{"start":{"line":284,"column":34},"end":{"line":284,"column":46}}},"7":{"name":"(anonymous_7)","line":301,"loc":{"start":{"line":301,"column":39},"end":{"line":301,"column":61}}},"8":{"name":"(anonymous_8)","line":329,"loc":{"start":{"line":329,"column":36},"end":{"line":329,"column":58}}},"9":{"name":"(anonymous_9)","line":340,"loc":{"start":{"line":340,"column":32},"end":{"line":340,"column":44}}}},"statementMap":{"1":{"start":{"line":5,"column":0},"end":{"line":11,"column":43}},"2":{"start":{"line":16,"column":0},"end":{"line":18,"column":30}},"3":{"start":{"line":21,"column":0},"end":{"line":23,"column":23}},"4":{"start":{"line":33,"column":0},"end":{"line":72,"column":1}},"5":{"start":{"line":35,"column":4},"end":{"line":35,"column":20}},"6":{"start":{"line":36,"column":4},"end":{"line":36,"column":21}},"7":{"start":{"line":39,"column":4},"end":{"line":39,"column":45}},"8":{"start":{"line":41,"column":4},"end":{"line":45,"column":5}},"9":{"start":{"line":42,"column":8},"end":{"line":42,"column":79}},"10":{"start":{"line":44,"column":8},"end":{"line":44,"column":60}},"11":{"start":{"line":48,"column":4},"end":{"line":48,"column":32}},"12":{"start":{"line":50,"column":4},"end":{"line":52,"column":5}},"13":{"start":{"line":51,"column":8},"end":{"line":51,"column":31}},"14":{"start":{"line":55,"column":4},"end":{"line":55,"column":45}},"15":{"start":{"line":57,"column":4},"end":{"line":69,"column":5}},"16":{"start":{"line":59,"column":12},"end":{"line":59,"column":34}},"17":{"start":{"line":60,"column":12},"end":{"line":60,"column":18}},"18":{"start":{"line":62,"column":12},"end":{"line":62,"column":35}},"19":{"start":{"line":63,"column":12},"end":{"line":63,"column":18}},"20":{"start":{"line":65,"column":12},"end":{"line":67,"column":13}},"21":{"start":{"line":66,"column":16},"end":{"line":66,"column":51}},"22":{"start":{"line":68,"column":12},"end":{"line":68,"column":18}},"23":{"start":{"line":71,"column":4},"end":{"line":71,"column":125}},"24":{"start":{"line":88,"column":0},"end":{"line":88,"column":54}},"25":{"start":{"line":105,"column":0},"end":{"line":119,"column":2}},"26":{"start":{"line":106,"column":4},"end":{"line":108,"column":5}},"27":{"start":{"line":107,"column":8},"end":{"line":107,"column":69}},"28":{"start":{"line":110,"column":4},"end":{"line":110,"column":28}},"29":{"start":{"line":113,"column":4},"end":{"line":113,"column":76}},"30":{"start":{"line":114,"column":4},"end":{"line":114,"column":52}},"31":{"start":{"line":115,"column":4},"end":{"line":115,"column":76}},"32":{"start":{"line":117,"column":4},"end":{"line":117,"column":140}},"33":{"start":{"line":118,"column":4},"end":{"line":118,"column":16}},"34":{"start":{"line":136,"column":0},"end":{"line":170,"column":2}},"35":{"start":{"line":137,"column":4},"end":{"line":139,"column":5}},"36":{"start":{"line":138,"column":8},"end":{"line":138,"column":45}},"37":{"start":{"line":141,"column":4},"end":{"line":167,"column":5}},"38":{"start":{"line":144,"column":12},"end":{"line":146,"column":13}},"39":{"start":{"line":145,"column":16},"end":{"line":145,"column":71}},"40":{"start":{"line":147,"column":12},"end":{"line":147,"column":55}},"41":{"start":{"line":148,"column":12},"end":{"line":148,"column":18}},"42":{"start":{"line":151,"column":12},"end":{"line":153,"column":13}},"43":{"start":{"line":152,"column":16},"end":{"line":152,"column":71}},"44":{"start":{"line":154,"column":12},"end":{"line":154,"column":29}},"45":{"start":{"line":156,"column":12},"end":{"line":156,"column":18}},"46":{"start":{"line":159,"column":12},"end":{"line":161,"column":13}},"47":{"start":{"line":160,"column":16},"end":{"line":160,"column":72}},"48":{"start":{"line":162,"column":12},"end":{"line":162,"column":35}},"49":{"start":{"line":164,"column":12},"end":{"line":164,"column":18}},"50":{"start":{"line":166,"column":12},"end":{"line":166,"column":53}},"51":{"start":{"line":169,"column":4},"end":{"line":169,"column":16}},"52":{"start":{"line":183,"column":0},"end":{"line":193,"column":2}},"53":{"start":{"line":184,"column":4},"end":{"line":186,"column":5}},"54":{"start":{"line":185,"column":8},"end":{"line":185,"column":45}},"55":{"start":{"line":188,"column":4},"end":{"line":190,"column":5}},"56":{"start":{"line":189,"column":8},"end":{"line":189,"column":49}},"57":{"start":{"line":192,"column":4},"end":{"line":192,"column":21}},"58":{"start":{"line":235,"column":0},"end":{"line":291,"column":2}},"59":{"start":{"line":236,"column":4},"end":{"line":238,"column":5}},"60":{"start":{"line":237,"column":8},"end":{"line":237,"column":45}},"61":{"start":{"line":241,"column":4},"end":{"line":243,"column":5}},"62":{"start":{"line":242,"column":8},"end":{"line":242,"column":66}},"63":{"start":{"line":246,"column":4},"end":{"line":250,"column":5}},"64":{"start":{"line":249,"column":8},"end":{"line":249,"column":64}},"65":{"start":{"line":253,"column":4},"end":{"line":253,"column":55}},"66":{"start":{"line":254,"column":4},"end":{"line":254,"column":68}},"67":{"start":{"line":257,"column":4},"end":{"line":259,"column":18}},"68":{"start":{"line":261,"column":4},"end":{"line":265,"column":5}},"69":{"start":{"line":262,"column":8},"end":{"line":264,"column":9}},"70":{"start":{"line":263,"column":12},"end":{"line":263,"column":45}},"71":{"start":{"line":267,"column":4},"end":{"line":267,"column":63}},"72":{"start":{"line":270,"column":4},"end":{"line":270,"column":42}},"73":{"start":{"line":271,"column":4},"end":{"line":271,"column":27}},"74":{"start":{"line":274,"column":4},"end":{"line":274,"column":38}},"75":{"start":{"line":276,"column":4},"end":{"line":290,"column":5}},"76":{"start":{"line":278,"column":8},"end":{"line":278,"column":40}},"77":{"start":{"line":281,"column":8},"end":{"line":282,"column":24}},"78":{"start":{"line":284,"column":8},"end":{"line":286,"column":10}},"79":{"start":{"line":285,"column":12},"end":{"line":285,"column":42}},"80":{"start":{"line":287,"column":8},"end":{"line":287,"column":20}},"81":{"start":{"line":289,"column":8},"end":{"line":289,"column":62}},"82":{"start":{"line":301,"column":0},"end":{"line":319,"column":2}},"83":{"start":{"line":302,"column":4},"end":{"line":304,"column":5}},"84":{"start":{"line":303,"column":8},"end":{"line":303,"column":45}},"85":{"start":{"line":307,"column":4},"end":{"line":318,"column":5}},"86":{"start":{"line":309,"column":8},"end":{"line":309,"column":38}},"87":{"start":{"line":312,"column":8},"end":{"line":312,"column":96}},"88":{"start":{"line":313,"column":8},"end":{"line":313,"column":39}},"89":{"start":{"line":315,"column":8},"end":{"line":315,"column":20}},"90":{"start":{"line":317,"column":8},"end":{"line":317,"column":62}},"91":{"start":{"line":329,"column":0},"end":{"line":331,"column":2}},"92":{"start":{"line":330,"column":4},"end":{"line":330,"column":34}},"93":{"start":{"line":340,"column":0},"end":{"line":342,"column":2}},"94":{"start":{"line":341,"column":4},"end":{"line":341,"column":42}},"95":{"start":{"line":344,"column":0},"end":{"line":344,"column":57}}},"branchMap":{"1":{"line":41,"type":"if","locations":[{"start":{"line":41,"column":4},"end":{"line":41,"column":4}},{"start":{"line":41,"column":4},"end":{"line":41,"column":4}}]},"2":{"line":41,"type":"binary-expr","locations":[{"start":{"line":41,"column":8},"end":{"line":41,"column":23}},{"start":{"line":41,"column":27},"end":{"line":41,"column":61}}]},"3":{"line":50,"type":"if","locations":[{"start":{"line":50,"column":4},"end":{"line":50,"column":4}},{"start":{"line":50,"column":4},"end":{"line":50,"column":4}}]},"4":{"line":50,"type":"binary-expr","locations":[{"start":{"line":50,"column":8},"end":{"line":50,"column":17}},{"start":{"line":50,"column":21},"end":{"line":50,"column":49}}]},"5":{"line":57,"type":"switch","locations":[{"start":{"line":58,"column":8},"end":{"line":60,"column":18}},{"start":{"line":61,"column":8},"end":{"line":63,"column":18}},{"start":{"line":64,"column":8},"end":{"line":68,"column":18}}]},"6":{"line":65,"type":"if","locations":[{"start":{"line":65,"column":12},"end":{"line":65,"column":12}},{"start":{"line":65,"column":12},"end":{"line":65,"column":12}}]},"7":{"line":65,"type":"binary-expr","locations":[{"start":{"line":65,"column":16},"end":{"line":65,"column":31}},{"start":{"line":65,"column":35},"end":{"line":65,"column":70}}]},"8":{"line":106,"type":"if","locations":[{"start":{"line":106,"column":4},"end":{"line":106,"column":4}},{"start":{"line":106,"column":4},"end":{"line":106,"column":4}}]},"9":{"line":110,"type":"binary-expr","locations":[{"start":{"line":110,"column":14},"end":{"line":110,"column":21}},{"start":{"line":110,"column":25},"end":{"line":110,"column":27}}]},"10":{"line":113,"type":"cond-expr","locations":[{"start":{"line":113,"column":41},"end":{"line":113,"column":58}},{"start":{"line":113,"column":61},"end":{"line":113,"column":75}}]},"11":{"line":114,"type":"cond-expr","locations":[{"start":{"line":114,"column":29},"end":{"line":114,"column":40}},{"start":{"line":114,"column":43},"end":{"line":114,"column":51}}]},"12":{"line":115,"type":"cond-expr","locations":[{"start":{"line":115,"column":41},"end":{"line":115,"column":58}},{"start":{"line":115,"column":61},"end":{"line":115,"column":75}}]},"13":{"line":137,"type":"if","locations":[{"start":{"line":137,"column":4},"end":{"line":137,"column":4}},{"start":{"line":137,"column":4},"end":{"line":137,"column":4}}]},"14":{"line":137,"type":"binary-expr","locations":[{"start":{"line":137,"column":8},"end":{"line":137,"column":28}},{"start":{"line":137,"column":32},"end":{"line":137,"column":55}}]},"15":{"line":141,"type":"switch","locations":[{"start":{"line":142,"column":8},"end":{"line":148,"column":18}},{"start":{"line":149,"column":8},"end":{"line":156,"column":18}},{"start":{"line":157,"column":8},"end":{"line":164,"column":18}},{"start":{"line":165,"column":8},"end":{"line":166,"column":53}}]},"16":{"line":144,"type":"if","locations":[{"start":{"line":144,"column":12},"end":{"line":144,"column":12}},{"start":{"line":144,"column":12},"end":{"line":144,"column":12}}]},"17":{"line":151,"type":"if","locations":[{"start":{"line":151,"column":12},"end":{"line":151,"column":12}},{"start":{"line":151,"column":12},"end":{"line":151,"column":12}}]},"18":{"line":159,"type":"if","locations":[{"start":{"line":159,"column":12},"end":{"line":159,"column":12}},{"start":{"line":159,"column":12},"end":{"line":159,"column":12}}]},"19":{"line":184,"type":"if","locations":[{"start":{"line":184,"column":4},"end":{"line":184,"column":4}},{"start":{"line":184,"column":4},"end":{"line":184,"column":4}}]},"20":{"line":184,"type":"binary-expr","locations":[{"start":{"line":184,"column":8},"end":{"line":184,"column":28}},{"start":{"line":184,"column":32},"end":{"line":184,"column":55}}]},"21":{"line":188,"type":"if","locations":[{"start":{"line":188,"column":4},"end":{"line":188,"column":4}},{"start":{"line":188,"column":4},"end":{"line":188,"column":4}}]},"22":{"line":236,"type":"if","locations":[{"start":{"line":236,"column":4},"end":{"line":236,"column":4}},{"start":{"line":236,"column":4},"end":{"line":236,"column":4}}]},"23":{"line":236,"type":"binary-expr","locations":[{"start":{"line":236,"column":8},"end":{"line":236,"column":28}},{"start":{"line":236,"column":32},"end":{"line":236,"column":62}}]},"24":{"line":241,"type":"if","locations":[{"start":{"line":241,"column":4},"end":{"line":241,"column":4}},{"start":{"line":241,"column":4},"end":{"line":241,"column":4}}]},"25":{"line":246,"type":"if","locations":[{"start":{"line":246,"column":4},"end":{"line":246,"column":4}},{"start":{"line":246,"column":4},"end":{"line":246,"column":4}}]},"26":{"line":246,"type":"binary-expr","locations":[{"start":{"line":246,"column":8},"end":{"line":246,"column":20}},{"start":{"line":247,"column":8},"end":{"line":247,"column":48}},{"start":{"line":248,"column":8},"end":{"line":248,"column":36}}]},"27":{"line":253,"type":"binary-expr","locations":[{"start":{"line":253,"column":17},"end":{"line":253,"column":48}},{"start":{"line":253,"column":52},"end":{"line":253,"column":54}}]},"28":{"line":254,"type":"binary-expr","locations":[{"start":{"line":254,"column":24},"end":{"line":254,"column":61}},{"start":{"line":254,"column":65},"end":{"line":254,"column":67}}]},"29":{"line":262,"type":"if","locations":[{"start":{"line":262,"column":8},"end":{"line":262,"column":8}},{"start":{"line":262,"column":8},"end":{"line":262,"column":8}}]},"30":{"line":262,"type":"binary-expr","locations":[{"start":{"line":262,"column":12},"end":{"line":262,"column":43}},{"start":{"line":262,"column":47},"end":{"line":262,"column":67}}]},"31":{"line":276,"type":"if","locations":[{"start":{"line":276,"column":4},"end":{"line":276,"column":4}},{"start":{"line":276,"column":4},"end":{"line":276,"column":4}}]},"32":{"line":302,"type":"if","locations":[{"start":{"line":302,"column":4},"end":{"line":302,"column":4}},{"start":{"line":302,"column":4},"end":{"line":302,"column":4}}]},"33":{"line":302,"type":"binary-expr","locations":[{"start":{"line":302,"column":8},"end":{"line":302,"column":28}},{"start":{"line":302,"column":32},"end":{"line":302,"column":62}}]},"34":{"line":307,"type":"if","locations":[{"start":{"line":307,"column":4},"end":{"line":307,"column":4}},{"start":{"line":307,"column":4},"end":{"line":307,"column":4}}]}},"code":["/* See LICENSE file for terms of use */","'use strict';","","// import libraries","var path = require('path'),","    debug = require('debug')('configmanager:configmanager'),","    error = require('./error'),","    uObject = require('./utils/object'),","    uArray = require('./utils/array'),","    FileManager = require('./FileManager'),","    parser = require('./parser/parameter');","","/**"," * STATIC (default)"," **/","var DEFAULT_CONFIG_DIR = 'config/',","    DEFAULT_ENV = '',","    DEFAULT_CAMELCASE = false;","","//List of key availables","var keys = ['configDir', 'env', 'camelCase'],","    envArgs = process.env,","    fileManager = null;","","/**"," * ConfigManager constructor."," *"," * The export object of the 'ConfigManager' module is an instance of this class"," * Most apps will only use this one instance"," *"," * @api public"," */","function ConfigManager() {","    //Init store and method variables","    this.store = {};","    this.method = {};","","    //Load config directory","    this.configDir = envArgs.NODE_CONFIG_DIR;","","    if (!this.configDir || 'string' !== typeof this.configDir) {","        this.configDir = path.resolve(process.cwd(), DEFAULT_CONFIG_DIR) + '/';","    } else {","        this.configDir = path.resolve(this.configDir) + '/';","    }","","    //Load env","    this.env = envArgs.NODE_ENV;","","    if (!this.env || 'string' !== typeof this.env) {","        this.env = DEFAULT_ENV;","    }","","    //Default options","    this.camelCase = envArgs.NODE_CAMEL_CASE;","","    switch (this.camelCase) {","        case 'true':","            this.camelCase = true;","            break;","        case 'false':","            this.camelCase = false;","            break;","        default:","            if (!this.camelCase || 'boolean' !== typeof this.camelCase) {","                this.camelCase = DEFAULT_CAMELCASE;","            }","            break;","    }","","    debug('Create ConfigManager object [configDir: %s | env: %s | camelCase: %s]', this.configDir, this.env, this.camelCase);","}","","/**"," * ConfigManager constructor"," *"," * The exports of the config manager module is an instance of this class."," *"," * ####Example:"," * var configManager = require('configManager');"," * var configManager2 = new configManager.ConfigManager();"," *"," * @method ConfigManager"," *"," * @api public"," */","","ConfigManager.prototype.ConfigManager = ConfigManager;","","/**"," * ConfigManager initialization"," *"," * ####Example:"," * configManager.init({"," *    configDir: '~/Desktop/config',"," *    env: 'develop',"," *    camelCase: true"," * });"," *"," * @param {Object} options"," * @method init"," *"," * @api public"," */","ConfigManager.prototype.init = function (options) {","    if (this.count() > 0) {","        throw new Error(error.MANAGER_CAN_NOT_BE_INITIALIZE_ANYMORE);","    }","","    options = options || {};","","    //Load options","    this.configDir = options.configDir ? options.configDir : this.configDir;","    this.env = options.env ? options.env : this.env;","    this.camelCase = options.camelCase ? options.camelCase : this.camelCase;","","    debug('Initialization of the ConfigManager object [configDir: %s | env: %s | camelCase: %s]', this.configDir, this.env, this.camelCase);","    return this;","};","","/**"," *  Sets ConfigManager options"," *"," * ####Example:"," * configManager.set('configDir','~/Desktop/config');"," * configManager"," *  .set('configDir', '~/Desktop/config')"," *  .set('camelCase', true);"," *"," * @param {String} key"," * @param {String} value"," * @method set"," *"," * @api public"," */","ConfigManager.prototype.set = function (key, value) {","    if (arguments.length < 2 || 'string' !== typeof key) {","        throw new Error(error.BAD_PARAMETER);","    }","","    switch (key) {","        case keys[0]:","            //configDir","            if ('string' !== typeof value) {","                throw new Error(error.BAD_TYPE_MUST_BE_STRING + value);","            }","            this.configDir = path.resolve(value) + '/';","            break;","        case keys[1]:","            //env","            if ('string' !== typeof value) {","                throw new Error(error.BAD_TYPE_MUST_BE_STRING + value);","            }","            this.env = value;","","            break;","        case keys[2]:","            //camelCase","            if ('boolean' !== typeof value) {","                throw new Error(error.BAD_TYPE_MUST_BE_BOOLEAN + value);","            }","            this.camelCase = value;","","            break;","        default:","            throw new Error(error.OPTION_NOT_EXISTS);","    }","","    return this;","};","","/**"," * Gets ConfigManager options"," *"," * ####Example:"," * configManager.get('camelCase');"," *"," * @param {String} key"," * @method get"," *"," * @api public"," */","ConfigManager.prototype.get = function (key) {","    if (arguments.length < 1 || 'string' !== typeof key) {","        throw new Error(error.BAD_PARAMETER);","    }","","    if (!uArray.contains(keys, key)) {","        throw new Error(error.OPTION_NOT_EXISTS);","    }","","    return this[key];","};","","/**"," * Add new config to ConfigManager store"," *"," * First step : Lookup your config file in relation to your current environment"," * ${configDir}/${env}/configName.(js | json)"," *"," * First step bis : If 'configName' has not a specific file for your current environment, the system takes your default configuration."," * ${configDir}/configName.(js | json)"," *"," * Second step : Each configuration is customizable by environment variables."," * LOGGER__ACTIVE=true              => {'logger': {'active': true}}"," * LOGGER__WITH_COLOR=false         => {'logger': {'with_color': false}}"," * LOGGER__DEBUG__MAX_SIZE=4096     => {'logger': {'debug': {'max_size': 4096}}}"," *"," * Third step : Save config in the store"," *"," * ####Example:"," * configName : 'logger'      envArgs : {LOGGER__ACTIVE: true, LOGGER__WITH_COLOR: false, DB__HOSTNAME: 'localhost'}"," * #1 Get content file :"," *"," * config = {"," *      active: false,"," *      level: 'debug'"," * }"," *"," * #2 Result after overriding by environment variables :"," *"," * config = {"," *      active: true,"," *      level: 'debug',"," *      with_color: false"," * }"," *"," * #3 this.store['logger'] = config;"," *"," * @param {String} configName"," * @method addConfig"," *"," * @api public"," */","ConfigManager.prototype.addConfig = function (configName) {","    if (arguments.length < 1 || 'string' !== typeof configName) {","        throw new Error(error.BAD_PARAMETER);","    }","","    //Check if already exists","    if (this.store.hasOwnProperty(configName)) {","        throw new Error(error.CONFIG_ALREADY_LOADED + configName);","    }","","    //Load config from config files","    if (!fileManager ||","        fileManager.configDir !== this.configDir ||","        fileManager.env !== this.env) {","        fileManager = new FileManager(this.configDir, this.env);","    }","","    //Load config and defaultConfig","    var config = fileManager.getFile(configName) || {};","    var defaultConfig = fileManager.getFile(configName, true) || {};","","    //Load envConfig with the environment variables","    var regex = new RegExp('^' + configName.toUpperCase() + '__'),","        data = {},","        envConfig;","","    for (var propEnv in envArgs) {","        if (envArgs.hasOwnProperty(propEnv) && propEnv.match(regex)) {","            data[propEnv] = envArgs[propEnv];","        }","    }","","    envConfig = parser.parse(data, this.camelCase)[configName];","","    //Override defaultConfig with config","    uObject.extend(defaultConfig, config);","    config = defaultConfig;","","    //Override config with envConfig","    uObject.extend(config, envConfig);","","    if (!uObject.isEmpty(config)) {","        //Add new config to store","        this.store[configName] = config;","","        //Create method","        var methodName = configName.charAt(0).toUpperCase() + configName.slice(1).toLowerCase(),","            self = this;","","        this.method[methodName] = function () {","            return self.store[configName];","        };","        return this;","    } else {","        throw new Error(error.CONFIG_NOT_EXISTS + configName);","    }","};","","/**"," * Remove the 'configName' config from ConfigManager store"," *"," * @param {String} configName"," * @method removeConfig"," *"," * @api public"," */","ConfigManager.prototype.removeConfig = function (configName) {","    if (arguments.length < 1 || 'string' !== typeof configName) {","        throw new Error(error.BAD_PARAMETER);","    }","","    //Check if the config exists","    if (this.store.hasOwnProperty(configName)) {","        //Delete the sconfig from store","        delete this.store[configName];","","        //Delete method","        var methodName = configName.charAt(0).toUpperCase() + configName.slice(1).toLowerCase();","        delete this.method[methodName];","","        return this;","    } else {","        throw new Error(error.CONFIG_NOT_LOADED + configName);","    }","};","","/**"," * Get the 'configName' config from ConfigManager store"," *"," * @param {String} configName"," * @method getConfig"," *"," * @api public"," */","ConfigManager.prototype.getConfig = function (configName) {","    return this.store[configName];","};","","/**"," * Gets the number of configurations from store"," *"," * @method count"," *"," * @api public"," */","ConfigManager.prototype.count = function () {","    return Object.keys(this.store).length;","};","","var configManager = module.exports = new ConfigManager();"],"l":{"5":1,"16":1,"21":1,"33":1,"35":1,"36":1,"39":1,"41":1,"42":1,"44":0,"48":1,"50":1,"51":0,"55":1,"57":1,"59":0,"60":0,"62":0,"63":0,"65":1,"66":1,"68":1,"71":1,"88":1,"105":1,"106":0,"107":0,"110":0,"113":0,"114":0,"115":0,"117":0,"118":0,"136":1,"137":0,"138":0,"141":0,"144":0,"145":0,"147":0,"148":0,"151":0,"152":0,"154":0,"156":0,"159":0,"160":0,"162":0,"164":0,"166":0,"169":0,"183":1,"184":0,"185":0,"188":0,"189":0,"192":0,"235":1,"236":0,"237":0,"241":0,"242":0,"246":0,"249":0,"253":0,"254":0,"257":0,"261":0,"262":0,"263":0,"267":0,"270":0,"271":0,"274":0,"276":0,"278":0,"281":0,"284":0,"285":0,"287":0,"289":0,"301":1,"302":0,"303":0,"307":0,"309":0,"312":0,"313":0,"315":0,"317":0,"329":1,"330":0,"340":1,"341":0,"344":1}},"/home/travis/build/npmtest/node-npmtest-node-config-manager/node_modules/node-config-manager/lib/error.js":{"path":"/home/travis/build/npmtest/node-npmtest-node-config-manager/node_modules/node-config-manager/lib/error.js","s":{"1":1},"b":{},"f":{},"fnMap":{},"statementMap":{"1":{"start":{"line":3,"column":0},"end":{"line":16,"column":2}}},"branchMap":{},"code":["'use strict';","","module.exports = {","    TAG_UNKNOWN: 'This tag is unknown - ',","    CONFIG_NOT_EXISTS: 'No file for this config - ',","    CONFIG_NOT_LOADED: 'This config is not loaded - ',","    CONFIG_ALREADY_LOADED: 'This config is already loaded - ',","","    BAD_PARAMETER: 'Bad parameter',","    BAD_TYPE_MUST_BE_STRING: 'Bad type, this parameter must be a string - ',","    BAD_TYPE_MUST_BE_BOOLEAN: 'Bad type, this parameter must be a boolean - ',","","    OPTION_NOT_EXISTS: 'This option isn\\'t exist',","    OPTION_NOT_INITIALIZED: 'This option exists but it isn\\'t initialized - ',","    MANAGER_CAN_NOT_BE_INITIALIZE_ANYMORE: 'The config manager can not be initialize anymore because there are configs already loaded'","};"],"l":{"3":1}},"/home/travis/build/npmtest/node-npmtest-node-config-manager/node_modules/node-config-manager/lib/utils/object.js":{"path":"/home/travis/build/npmtest/node-npmtest-node-config-manager/node_modules/node-config-manager/lib/utils/object.js","s":{"1":1,"2":0,"3":0,"4":0,"5":0,"6":0,"7":0,"8":0,"9":0,"10":0,"11":0,"12":1,"13":0,"14":0,"15":0,"16":0,"17":0,"18":0,"19":0,"20":0,"21":0,"22":0},"b":{"1":[0,0],"2":[0,0],"3":[0,0],"4":[0,0],"5":[0,0],"6":[0,0],"7":[0,0],"8":[0,0],"9":[0,0]},"f":{"1":0,"2":0},"fnMap":{"1":{"name":"(anonymous_1)","line":3,"loc":{"start":{"line":3,"column":18},"end":{"line":3,"column":33}}},"2":{"name":"(anonymous_2)","line":31,"loc":{"start":{"line":31,"column":30},"end":{"line":31,"column":56}}}},"statementMap":{"1":{"start":{"line":3,"column":0},"end":{"line":29,"column":2}},"2":{"start":{"line":5,"column":4},"end":{"line":7,"column":5}},"3":{"start":{"line":6,"column":8},"end":{"line":6,"column":20}},"4":{"start":{"line":11,"column":4},"end":{"line":13,"column":5}},"5":{"start":{"line":12,"column":8},"end":{"line":12,"column":21}},"6":{"start":{"line":14,"column":4},"end":{"line":16,"column":5}},"7":{"start":{"line":15,"column":8},"end":{"line":15,"column":20}},"8":{"start":{"line":21,"column":4},"end":{"line":26,"column":5}},"9":{"start":{"line":23,"column":8},"end":{"line":25,"column":9}},"10":{"start":{"line":24,"column":12},"end":{"line":24,"column":25}},"11":{"start":{"line":28,"column":4},"end":{"line":28,"column":16}},"12":{"start":{"line":31,"column":0},"end":{"line":49,"column":2}},"13":{"start":{"line":32,"column":4},"end":{"line":32,"column":26}},"14":{"start":{"line":33,"column":4},"end":{"line":33,"column":26}},"15":{"start":{"line":35,"column":4},"end":{"line":47,"column":5}},"16":{"start":{"line":37,"column":8},"end":{"line":46,"column":9}},"17":{"start":{"line":38,"column":12},"end":{"line":45,"column":13}},"18":{"start":{"line":40,"column":16},"end":{"line":40,"column":44}},"19":{"start":{"line":41,"column":19},"end":{"line":45,"column":13}},"20":{"start":{"line":42,"column":16},"end":{"line":42,"column":66}},"21":{"start":{"line":44,"column":16},"end":{"line":44,"column":44}},"22":{"start":{"line":48,"column":4},"end":{"line":48,"column":18}}},"branchMap":{"1":{"line":5,"type":"if","locations":[{"start":{"line":5,"column":4},"end":{"line":5,"column":4}},{"start":{"line":5,"column":4},"end":{"line
[...]
{"line":30,"column":12},"end":{"line":30,"column":42}},"12":{"start":{"line":31,"column":12},"end":{"line":35,"column":13}},"13":{"start":{"line":32,"column":16},"end":{"line":32,"column":83}},"14":{"start":{"line":33,"column":16},"end":{"line":33,"column":63}},"15":{"start":{"line":34,"column":16},"end":{"line":34,"column":47}},"16":{"start":{"line":37,"column":12},"end":{"line":41,"column":13}},"17":{"start":{"line":38,"column":16},"end":{"line":38,"column":47}},"18":{"start":{"line":40,"column":16},"end":{"line":40,"column":28}},"19":{"start":{"line":44,"column":4},"end":{"line":44,"column":39}},"20":{"start":{"line":46,"column":4},"end":{"line":49,"column":5}},"21":{"start":{"line":48,"column":8},"end":{"line":48,"column":78}},"22":{"start":{"line":52,"column":4},"end":{"line":52,"column":74}},"23":{"start":{"line":55,"column":0},"end":{"line":70,"column":2}},"24":{"start":{"line":56,"column":4},"end":{"line":56,"column":34}},"25":{"start":{"line":58,"column":4},"end":{"line":69,"column":5}},"26":{"start":{"line":61,"column":12},"end":{"line":61,"column":35}},"27":{"start":{"line":64,"column":12},"end":{"line":68,"column":13}},"28":{"start":{"line":65,"column":16},"end":{"line":65,"column":69}},"29":{"start":{"line":67,"column":16},"end":{"line":67,"column":35}},"30":{"start":{"line":72,"column":0},"end":{"line":72,"column":47}}},"branchMap":{"1":{"line":14,"type":"if","locations":[{"start":{"line":14,"column":4},"end":{"line":14,"column":4}},{"start":{"line":14,"column":4},"end":{"line":14,"column":4}}]},"2":{"line":14,"type":"binary-expr","locations":[{"start":{"line":14,"column":8},"end":{"line":14,"column":30}},{"start":{"line":15,"column":8},"end":{"line":15,"column":37}},{"start":{"line":16,"column":8},"end":{"line":16,"column":31}}]},"3":{"line":31,"type":"binary-expr","locations":[{"start":{"line":31,"column":24},"end":{"line":31,"column":54}},{"start":{"line":31,"column":58},"end":{"line":31,"column":71}}]},"4":{"line":37,"type":"if","locations":[{"start":{"line":37,"column":12},"end":{"line":37,"column":12}},{"start":{"line":37,"column":12},"end":{"line":37,"column":12}}]},"5":{"line":44,"type":"binary-expr","locations":[{"start":{"line":44,"column":18},"end":{"line":44,"column":29}},{"start":{"line":44,"column":33},"end":{"line":44,"column":38}}]},"6":{"line":46,"type":"if","locations":[{"start":{"line":46,"column":4},"end":{"line":46,"column":4}},{"start":{"line":46,"column":4},"end":{"line":46,"column":4}}]},"7":{"line":52,"type":"cond-expr","locations":[{"start":{"line":52,"column":21},"end":{"line":52,"column":28}},{"start":{"line":52,"column":31},"end":{"line":52,"column":73}}]},"8":{"line":58,"type":"switch","locations":[{"start":{"line":59,"column":8},"end":{"line":59,"column":19}},{"start":{"line":60,"column":8},"end":{"line":61,"column":35}},{"start":{"line":62,"column":8},"end":{"line":62,"column":21}},{"start":{"line":63,"column":8},"end":{"line":68,"column":13}}]}},"code":["/* See LICENSE file for terms of use */","'use strict';","","var fs = require('fs'),","    debug = require('debug')('configmanager:filemanager'),","    path = require('path'),","    yaml = require('js-yaml'),","    error = require('./error'),","    _require = require;","","var EXTENSION_AVAILABLE = ['.js', '.json', '.yaml', '.yml'];","","function FileManager(configDir, env) {","    if (arguments.length !== 2 ||","        'string' !== typeof configDir ||","        'string' !== typeof env) {","        throw new Error(error.BAD_PARAMETER);","    }","","    debug('Create FileManager object to %s and %s/%s', configDir, configDir, env);","","    this.configDir = configDir;","    this.env = env;","}","","FileManager.prototype.getFile = function (name, justDefault) {","    var self = this,","        content = null,","        lookup = function (dir, file) {","            var i, filepath, find = false;","            for (i = 0; i < EXTENSION_AVAILABLE.length && find !== true; i++) {","                filepath = path.resolve(dir + '/' + file + EXTENSION_AVAILABLE[i]);","                debug('Lookup the config file : %s', filepath);","                find = fs.existsSync(filepath);","            }","","            if (find) {","                return self.loadFile(filepath);","            } else {","                return null;","            }","        };","","    justDefault = justDefault || false;","","    if (!justDefault) {","        //Lookup the file in env folder","        content = lookup(path.resolve(this.configDir + '/' + this.env), name);","    }","","    //Return result or lookup the file in config folder","    return content ? content : lookup(path.resolve(this.configDir), name);","};","","FileManager.prototype.loadFile = function (_path) {","    var ext = path.extname(_path);","","    switch (ext) {","        case '.js':","        case '.json':","            return _require(_path);","        case '.yaml':","        case '.yml':","            try {","                return yaml.safeLoad(fs.readFileSync(_path, 'utf8'));","            } catch (e) {","                throw new Error(e);","            }","    }","};","","var fileManager = module.exports = FileManager;"],"l":{"4":1,"11":1,"13":1,"14":0,"17":0,"20":0,"22":0,"23":0,"26":1,"27":0,"30":0,"31":0,"32":0,"33":0,"34":0,"37":0,"38":0,"40":0,"44":0,"46":0,"48":0,"52":0,"55":1,"56":0,"58":0,"61":0,"64":0,"65":0,"67":0,"72":1}},"/home/travis/build/npmtest/node-npmtest-node-config-manager/node_modules/node-config-manager/lib/parser/parameter.js":{"path":"/home/travis/build/npmtest/node-npmtest-node-config-manager/node_modules/node-config-manager/lib/parser/parameter.js","s":{"1":1,"2":1,"3":0,"4":0,"5":0,"6":0,"7":0,"8":0,"9":0,"10":0,"11":0,"12":0,"13":0,"14":0,"15":0,"16":0,"17":0,"18":0,"19":0,"20":1,"21":0,"22":1,"23":0,"24":0,"25":0,"26":0,"27":0,"28":0,"29":0,"30":0,"31":0,"32":1,"33":0,"34":0,"35":0,"36":0,"37":0,"38":0,"39":0,"40":0,"41":0,"42":0,"43":0,"44":1,"45":1,"46":0,"47":0,"48":0,"49":0,"50":1,"51":0,"52":0,"53":0,"54":0,"55":0,"56":0,"57":1,"58":1,"59":0,"60":0,"61":0,"62":0,"63":0,"64":0,"65":0,"66":1,"67":0,"68":0,"69":0,"70":0},"b":{"1":[0,0],"2":[0,0],"3":[0,0],"4":[0,0],"5":[0,0],"6":[0,0],"7":[0,0,0],"8":[0,0],"9":[0,0],"10":[0,0,0,0],"11":[0,0],"12":[0,0],"13":[0,0],"14":[0,0],"15":[0,0],"16":[0,0],"17":[0,0]},"f":{"1":0,"2":0,"3":0,"4":0,"5":0,"6":0,"7":0,"8":0,"9":0,"10":0},"fnMap":{"1":{"name":"(anonymous_1)","line":5,"loc":{"start":{"line":5,"column":16},"end":{"line":5,"column":42}}},"2":{"name":"(anonymous_2)","line":17,"loc":{"start":{"line":17,"column":17},"end":{"line":17,"column":31}}},"3":{"name":"(anonymous_3)","line":27,"loc":{"start":{"line":27,"column":23},"end":{"line":27,"column":39}}},"4":{"name":"(anonymous_4)","line":48,"loc":{"start":{"line":48,"column":18},"end":{"line":48,"column":34}}},"5":{"name":"(anonymous_5)","line":52,"loc":{"start":{"line":52,"column":29},"end":{"line":52,"column":45}}},"6":{"name":"(anonymous_6)","line":70,"loc":{"start":{"line":70,"column":26},"end":{"line":70,"column":42}}},"7":{"name":"(anonymous_7)","line":93,"loc":{"start":{"line":93,"column":20},"end":{"line":93,"column":36}}},"8":{"name":"(anonymous_8)","line":105,"loc":{"start":{"line":105,"column":38},"end":{"line":105,"column":68}}},"9":{"name":"(anonymous_9)","line":126,"loc":{"start":{"line":126,"column":25},"end":{"line":126,"column":39}}},"10":{"name":"(anonymous_10)","line":139,"loc":{"start":{"line":139,"column":17},"end":{"line":139,"column":31}}}},"statementMap":{"1":{"start":{"line":3,"column":0},"end":{"line":3,"column":32}},"2":{"start":{"line":5,"column":0},"end":{"line":46,"column":2}},"3":{"start":{"line":6,"column":4},"end":{"line":8,"column":5}},"4":{"start":{"line":7,"column":8},"end":{"line":7,"column":20}},"5":{"start":{"line":10,"column":4},"end":{"line":10,"column":35}},"6":{"start":{"line":13,"column":4},"end":{"line":15,"column":33}},"7":{"start":{"line":17,"column":4},"end":{"line":43,"column":7}},"8":{"start":{"line":18,"column":8},"end":{"line":18,"column":26}},"9":{"start":{"line":21,"column":8},"end":{"line":21,"column":33}},"10":{"start":{"line":24,"column":8},"end":{"line":24,"column":36}},"11":{"start":{"line":25,"column":8},"end":{"line":25,"column":20}},"12":{"start":{"line":27,"column":8},"end":{"line":36,"column":11}},"13":{"start":{"line":28,"column":12},"end":{"line":28,"column":72}},"14":{"start":{"line":31,"column":12},"end":{"line":31,"column":31}},"15":{"start":{"line":34,"column":12},"end":{"line":34,"column":48}},"16":{"start":{"line":35,"column":12},"end":{"line":35,"column":36}},"17":{"start":{"line":40,"column":8},"end":{"line":42,"column":9}},"18":{"start":{"line":41,"column":12},"end":{"line":41,"column":62}},"19":{"start":{"line":45,"column":4},"end":{"line":45,"column":18}},"20":{"start":{"line":48,"column":0},"end":{"line":50,"column":2}},"21":{"start":{"line":49,"column":4},"end":{"line":49,"column":67}},"22":{"start":{"line":52,"column":0},"end":{"line":68,"column":2}},"23":{"start":{"line":53,"column":4},"end":{"line":66,"column":5}},"24":{"start":{"line":55,"column":12},"end":{"line":55,"column":25}},"25":{"start":{"line":56,"column":12},"end":{"line":56,"column":18}},"26":{"start":{"line":58,"column":12},"end":{"line":58,"column":26}},"27":{"start":{"line":59,"column":12},"end":{"line":59,"column":18}},"28":{"start":{"line":61,"column":12},"end":{"line":64,"column":13}},"29":{"start":{"line":63,"column":16},"end":{"line":63,"column":66}},"30":{"start":{"line":65,"column":12},"end":{"line":65,"column":18}},"31":{"start":{"line":67,"column":4},"end":{"line":67,"column":17}},"32":{"start":{"line":70,"column":0},"end":{"line":90,"column":2}},"33":{"start":{"line":71,"column":4},"end":{"line":73,"column":25}},"34":{"start":{"line":74,"column":4},"end":{"line":88,"column":5}},"35":{"start":{"line":76,"column":12},"end":{"line":76,"column":24}},"36":{"start":{"line":77,"column":12},"end":{"line":77,"column":18}},"37":{"start":{"line":79,"column":12},"end":{"line":79,"column":37}},"38":{"start":{"line":80,"column":12},"end":{"line":80,"column":18}},"39":{"start":{"line":82,"column":12},"end":{"line":82,"column":37}},"40":{"start":{"line":83,"column":12},"end":{"line":83,"column":18}},"41":{"start":{"line":86,"column":12},"end":{"line":86,"column":25}},"42":{"start":{"line":87,"column":12},"end":{"line":87,"column":18}},"43":{"start":{"line":89,"column":4},"end":{"line":89,"column":17}},"44":{"start":{"line":92,"column":0},"end":{"line":92,"column":59}},"45":{"start":{"line":93,"column":0},"end":{"line":102,"column":2}},"46":{"start":{"line":94,"column":4},"end":{"line":100,"column":46}},"47":{"start":{"line":96,"column":8},"end":{"line":96,"column":43}},"48":{"start":{"line":100,"column":8},"end":{"line":100,"column":46}},"49":{"start":{"line":101,"column":4},"end":{"line":101,"column":17}},"50":{"start":{"line":104,"column":0},"end":{"line":120,"column":6}},"51":{"start":{"line":106,"column":8},"end":{"line":108,"column":21}},"52":{"start":{"line":110,"column":8},"end":{"line":117,"column":9}},"53":{"start":{"line":111,"column":12},"end":{"line":116,"column":13}},"54":{"start":{"line":112,"column":16},"end":{"line":112,"column":136}},"55":{"start":{"line":114,"column":16},"end":{"line":114,"column":95}},"56":{"start":{"line":119,"column":8},"end":{"line":119,"column":19}},"57":{"start":{"line":122,"column":0},"end":{"line":123,"column":32}},"58":{"start":{"line":125,"column":0},"end":{"line":137,"column":6}},"59":{"start":{"line":127,"column":8},"end":{"line":129,"column":9}},"60":{"start":{"line":128,"column":12},"end":{"line":128,"column":23}},"61":{"start":{"line":131,"column":8},"end":{"line":131,"column":16}},"62":{"start":{"line":132,"column":8},"end":{"line":135,"column":9}},"63":{"start":{"line":133,"column":12},"end":{"line":133,"column":41}},"64":{"start":{"line":134,"column":12},"end":{"line":134,"column":57}},"65":{"start":{"line":136,"column":8},"end":{"line":136,"column":19}},"66":{"start":{"line":139,"column":0},"end":{"line":148,"column":2}},"67":{"start":{"line":141,"column":4},"end":{"line":142,"column":40}},"68":{"start":{"line":143,"column":4},"end":{"line":147,"column":5}},"69":{"start":{"line":144,"column":8},"end":{"line":144,"column":24}},"70":{"start":{"line":146,"column":8},"end":{"line":146,"column":49}}},"branchMap":{"1":{"line":6,"type":"if","locations":[{"start":{"line":6,"column":4},"end":{"line":6,"column":4}},{"start":{"line":6,"column":4},"end":{"line":6,"column":4}}]},"2":{"line":10,"type":"binary-expr","locations":[{"start":{"line":10,"column":16},"end":{"line":10,"column":25}},{"start":{"line":10,"column":29},"end":{"line":10,"column":34}}]},"3":{"line":34,"type":"binary-expr","locations":[{"start":{"line":34,"column":28},"end":{"line":34,"column":41}},{"start":{"line":34,"column":45},"end":{"line":34,"column":47}}]},"4":{"line":40,"type":"if","locations":[{"start":{"line":40,"column":8},"end":{"line":40,"column":8}},{"start":{"line":40,"column":8},"end":{"line":40,"column":8},"skip":true}]},"5":{"line":40,"type":"binary-expr","locations":[{"start":{"line":40,"column":12},"end":{"line":40,"column":20}},{"start":{"line":40,"column":24},"end":{"line":40,"column":28}}]},"6":{"line":49,"type":"cond-expr","locations":[{"start":{"line":49,"column":30},"end":{"line":49,"column":45}},{"start":{"line":49,"column":48},"end":{"line":49,"column":65}}]},"7":{"line":53,"type":"switch","locations":[{"start":{"line":54,"column":8},"end":{"line":56,"column":18}},{"start":{"line":57,"column":8},"end":{"line":59,"column":18}},{"start":{"line":60,"column":8},"end":{"line":65,"column":18}}]},"8":{"line":61,"type":"if","locations":[{"start":{"line":61,"column":12},"end":{"line":61,"column":12}},{"start":{"line":61,"column":12},"end":{"line":61,"column":12}}]},"9":{"line":63,"type":"cond-expr","locations":[{"start":{"line":63,"column":39},"end":{"line":63,"column":44}},{"start":{"line":63,"column":47},"end":{"line":63,"column":65}}]},"10":{"line":74,"type":"switch","locations":[{"start":{"line":75,"column":8},"end":{"line":77,"column":18}},{"start":{"line":78,"column":8},"end":{"line":80,"column":18}},{"start":{"line":81,"column":8},"end":{"line":83,"column":18}},{"start":{"line":84,"column":8},"end":{"line":87,"column":18}}]},"11":{"line":94,"type":"if","locations":[{"start":{"line":94,"column":4},"end":{"line":94,"column":4}},{"start":{"line":94,"column":4},"end":{"line":94,"column":4}}]},"12":{"line":94,"type":"binary-expr","locations":[{"start":{"line":94,"column":7},"end":{"line":94,"column":19}},{"start":{"line":94,"column":23},"end":{"line":94,"column":55}}]},"13":{"line":111,"type":"if","locations":[{"start":{"line":111,"column":12},"end":{"line":111,"column":12}},{"start":{"line":111,"column":12},"end":{"line":111,"column":12}}]},"14":{"line":112,"type":"cond-expr","locations":[{"start":{"line":112,"column":34},"end":{"line":112,"column":59}},{"start":{"line":112,"column":62},"end":{"line":112,"column":134}}]},"15":{"line":114,"type":"cond-expr","locations":[{"start":{"line":114,"column":34},"end":{"line":114,"column":59}},{"start":{"line":114,"column":62},"end":{"line":114,"column":93}}]},"16":{"line":127,"type":"if","locations":[{"start":{"line":127,"column":8},"end":{"line":127,"column":8}},{"start":{"line":127,"column":8},"end":{"line":127,"column":8}}]},"17":{"line":143,"type":"if","locations":[{"start":{"line":143,"column":4},"end":{"line":143,"column":4}},{"start":{"line":143,"column":4},"end":{"line":143,"column":4}}]}},"code":["'use strict';","","var error = require('../error');","","exports.parse = function(json, camelCase) {","    if ('object' !== typeof json) {","        return null;","    }","","    camelCase = camelCase || false;","","    //Get keys","    var levels, value, attr, _pObject, pObject,","        object = {},","        keys = Object.keys(json);","","    keys.forEach(function(key) {","        value = json[key];","","        //split levels","        levels = key.split('__');","","        //Back to top","        _pObject = pObject = object;","        attr = null;","","        levels.forEach(function(level) {","            attr = convertStrArrayToString(level.split('_'), camelCase);","","            //Persist","            _pObject = pObject;","","            //New Object","            pObject[attr] = pObject[attr] || {};","            pObject = pObject[attr];","        });","","        //Save value","        /* istanbul ignore else */","        if (_pObject && attr) {","            _pObject[attr] = validateValue(processTag(value));","        }","    });","","    return object;","};","","var parseNumber = function(value) {","    return (value % 1 === 0 ? parseInt(value) : parseFloat(value));","};","","var valueFromTypeInference = function(value) {","    switch (value) {","        case 'true':","            value = true;","            break;","        case 'false':","            value = false;","            break;","        default:","            if ('string' === typeof value) {","                //String or Number","                value = isNaN(value) ? value : parseNumber(value);","            }","            break;","    }","    return value;","};","","var valueFromTypePrefix = function(value) {","    var matches = value.match(typePrefixRegex),","        type = matches[1],","        val = matches[2];","    switch(type){","        case 'string':","            value = val;","            break;","        case 'boolean':","            value = (val === 'true');","            break;","        case 'number':","            value = parseNumber(val);","            break;","        default:","            // Should not happen thanks to regexp","            value = null;","            break;","    }","    return value;","};","","var typePrefixRegex = /^ncm_(string|number|boolean):(.*)$/;","var validateValue = function(value) {","    if(value.search && value.search(typePrefixRegex)>=0){","        // Value has type prefix (`ncm_(string|numnber|boolean)`), use type prefix to parse data","        value = valueFromTypePrefix(value);","    }","    else","        // No type prefix, use type inference","        value = valueFromTypeInference(value);","    return value;","};","","var convertStrArrayToString =","    exports.convertStrArrayToString = function(strArray, camelCase) {","        var i,","            length = strArray.length,","            str = '';","","        for (i = 0; i < length; i++) {","            if (camelCase) {","                str += (i === 0 ? strArray[i].toLowerCase() : strArray[i].charAt(0).toUpperCase() + strArray[i].slice(1).toLowerCase());","            } else {","                str += (i === 0 ? strArray[i].toLowerCase() : '_' + strArray[i].toLowerCase());","","            }","        }","","        return str;","    };","","var tagRegex = /\\$\\{[a-zA-Z_]+\\}/,","    resolveRegex = /[a-zA-Z_]+/;","","var processTag =","    exports.processTag = function(str) {","        if ('string' !== typeof str) {","            return str;","        }","","        var tag;","        while (str.search(tagRegex) >= 0) {","            tag = str.match(tagRegex)[0];","            str = str.replace(tag, resolveTag(tag), 'g');","        }","        return str;","    };","","var resolveTag = function(tag) {","    //Extract a-zA-Z_","    var extract = tag.match(resolveRegex),","        resolved = process.env[extract];","    if (resolved) {","        return resolved;","    } else {","        throw new Error(error.TAG_UNKNOWN + tag);","    }","};"],"l":{"3":1,"5":1,"6":0,"7":0,"10":0,"13":0,"17":0,"18":0,"21":0,"24":0,"25":0,"27":0,"28":0,"31":0,"34":0,"35":0,"40":0,"41":0,"45":0,"48":1,"49":0,"52":1,"53":0,"55":0,"56":0,"58":0,"59":0,"61":0,"63":0,"65":0,"67":0,"70":1,"71":0,"74":0,"76":0,"77":0,"79":0,"80":0,"82":0,"83":0,"86":0,"87":0,"89":0,"92":1,"93":1,"94":0,"96":0,"100":0,"101":0,"104":1,"106":0,"110":0,"111":0,"112":0,"114":0,"119":0,"122":1,"125":1,"127":0,"128":0,"131":0,"132":0,"133":0,"134":0,"136":0,"139":1,"141":0,"143":0,"144":0,"146":0}}}